{"/home/travis/build/npmtest/node-npmtest-redux-loop/test.js":{"path":"/home/travis/build/npmtest/node-npmtest-redux-loop/test.js","s":{"1":2,"2":2,"3":2,"4":2,"5":2,"6":2,"7":2,"8":1,"9":2,"10":2,"11":1,"12":1,"13":1,"14":1,"15":2,"16":2,"17":2,"18":2,"19":1,"20":1,"21":2,"22":2,"23":2,"24":1,"25":1,"26":1,"27":1,"28":1,"29":1,"30":1,"31":1,"32":1,"33":1,"34":1,"35":1,"36":1,"37":1,"38":1,"39":2,"40":2,"41":1,"42":2,"43":2,"44":1,"45":2,"46":2,"47":1,"48":2,"49":2,"50":1,"51":1,"52":1,"53":1,"54":1},"b":{"1":[2,1,1,1],"2":[1,1,1,1],"3":[1,1],"4":[1,1],"5":[1,1],"6":[1,1],"7":[1,1],"8":[1,1],"9":[1,1],"10":[1,1,1],"11":[1,1],"12":[1,1],"13":[1,1],"14":[1,1],"15":[1,1],"16":[1,1],"17":[1,1]},"f":{"1":2,"2":2,"3":2,"4":2,"5":2,"6":1,"7":1,"8":1,"9":2,"10":2,"11":2,"12":2,"13":1},"fnMap":{"1":{"name":"(anonymous_1)","line":12,"loc":{"start":{"line":12,"column":1},"end":{"line":12,"column":13}}},"2":{"name":"(anonymous_2)","line":19,"loc":{"start":{"line":19,"column":5},"end":{"line":19,"column":17}}},"3":{"name":"(anonymous_3)","line":23,"loc":{"start":{"line":23,"column":24},"end":{"line":23,"column":36}}},"4":{"name":"(anonymous_4)","line":61,"loc":{"start":{"line":61,"column":5},"end":{"line":61,"column":17}}},"5":{"name":"(anonymous_5)","line":82,"loc":{"start":{"line":82,"column":5},"end":{"line":82,"column":17}}},"6":{"name":"(anonymous_6)","line":91,"loc":{"start":{"line":91,"column":77},"end":{"line":94,"column":10}}},"7":{"name":"(anonymous_7)","line":112,"loc":{"start":{"line":112,"column":83},"end":{"line":115,"column":10}},"skip":true},"8":{"name":"(anonymous_8)","line":123,"loc":{"start":{"line":123,"column":77},"end":{"line":126,"column":10}},"skip":true},"9":{"name":"(anonymous_9)","line":139,"loc":{"start":{"line":139,"column":12},"end":{"line":139,"column":40}},"skip":true},"10":{"name":"(anonymous_10)","line":147,"loc":{"start":{"line":147,"column":77},"end":{"line":150,"column":10}},"skip":true},"11":{"name":"(anonymous_11)","line":158,"loc":{"start":{"line":158,"column":83},"end":{"line":161,"column":10}},"skip":true},"12":{"name":"(anonymous_12)","line":169,"loc":{"start":{"line":169,"column":79},"end":{"line":172,"column":10}},"skip":true},"13":{"name":"(anonymous_13)","line":180,"loc":{"start":{"line":180,"column":75},"end":{"line":183,"column":10}},"skip":true}},"statementMap":{"1":{"start":{"line":12,"column":0},"end":{"line":195,"column":5}},"2":{"start":{"line":14,"column":4},"end":{"line":14,"column":14}},"3":{"start":{"line":19,"column":4},"end":{"line":56,"column":9}},"4":{"start":{"line":21,"column":8},"end":{"line":21,"column":19}},"5":{"start":{"line":23,"column":8},"end":{"line":35,"column":13}},"6":{"start":{"line":24,"column":12},"end":{"line":34,"column":13}},"7":{"start":{"line":25,"column":16},"end":{"line":28,"column":30}},"8":{"start":{"line":30,"column":16},"end":{"line":33,"column":27}},"9":{"start":{"line":37,"column":8},"end":{"line":39,"column":21}},"10":{"start":{"line":40,"column":8},"end":{"line":53,"column":9}},"11":{"start":{"line":43,"column":12},"end":{"line":46,"column":14}},"12":{"start":{"line":47,"column":12},"end":{"line":47,"column":18}},"13":{"start":{"line":50,"column":12},"end":{"line":51,"column":33}},"14":{"start":{"line":52,"column":12},"end":{"line":52,"column":18}},"15":{"start":{"line":55,"column":8},"end":{"line":55,"column":35}},"16":{"start":{"line":61,"column":4},"end":{"line":63,"column":9}},"17":{"start":{"line":62,"column":8},"end":{"line":62,"column":15}},"18":{"start":{"line":64,"column":4},"end":{"line":77,"column":5}},"19":{"start":{"line":70,"column":8},"end":{"line":70,"column":14}},"20":{"start":{"line":76,"column":8},"end":{"line":76,"column":14}},"21":{"start":{"line":82,"column":4},"end":{"line":84,"column":9}},"22":{"start":{"line":83,"column":8},"end":{"line":83,"column":15}},"23":{"start":{"line":85,"column":4},"end":{"line":194,"column":5}},"24":{"start":{"line":91,"column":8},"end":{"line":99,"column":10}},"25":{"start":{"line":98,"column":12},"end":{"line":98,"column":35}},"26":{"start":{"line":102,"column":8},"end":{"line":104,"column":63}},"27":{"start":{"line":105,"column":8},"end":{"line":105,"column":14}},"28":{"start":{"line":112,"column":8},"end":{"line":121,"column":10},"skip":true},"29":{"start":{"line":119,"column":12},"end":{"line":119,"column":55},"skip":true},"30":{"start":{"line":120,"column":12},"end":{"line":120,"column":48},"skip":true},"31":{"start":{"line":123,"column":8},"end":{"line":136,"column":10},"skip":true},"32":{"start":{"line":130,"column":12},"end":{"line":130,"column":76},"skip":true},"33":{"start":{"line":131,"column":12},"end":{"line":131,"column":73},"skip":true},"34":{"start":{"line":132,"column":12},"end":{"line":132,"column":74},"skip":true},"35":{"start":{"line":133,"column":12},"end":{"line":133,"column":79},"skip":true},"36":{"start":{"line":134,"column":12},"end":{"line":134,"column":25},"skip":true},"37":{"start":{"line":135,"column":12},"end":{"line":135,"column":45},"skip":true},"38":{"start":{"line":138,"column":8},"end":{"line":145,"column":14},"skip":true},"39":{"start":{"line":143,"column":16},"end":{"line":143,"column":29},"skip":true},"40":{"start":{"line":144,"column":16},"end":{"line":144,"column":55},"skip":true},"41":{"start":{"line":147,"column":8},"end":{"line":156,"column":10},"skip":true},"42":{"start":{"line":154,"column":12},"end":{"line":154,"column":25},"skip":true},"43":{"start":{"line":155,"column":12},"end":{"line":155,"column":45},"skip":true},"44":{"start":{"line":158,"column":8},"end":{"line":167,"column":10},"skip":true},"45":{"start":{"line":165,"column":12},"end":{"line":165,"column":25},"skip":true},"46":{"start":{"line":166,"column":12},"end":{"line":166,"column":48},"skip":true},"47":{"start":{"line":169,"column":8},"end":{"line":178,"column":10},"skip":true},"48":{"start":{"line":176,"column":12},"end":{"line":176,"column":25},"skip":true},"49":{"start":{"line":177,"column":12},"end":{"line":177,"column":46},"skip":true},"50":{"start":{"line":180,"column":8},"end":{"line":189,"column":10},"skip":true},"51":{"start":{"line":187,"column":12},"end":{"line":187,"column":94},"skip":true},"52":{"start":{"line":188,"column":12},"end":{"line":188,"column":48},"skip":true},"53":{"start":{"line":192,"column":8},"end":{"line":192,"column":35},"skip":true},"54":{"start":{"line":193,"column":8},"end":{"line":193,"column":14},"skip":true}},"branchMap":{"1":{"line":25,"type":"binary-expr","locations":[{"start":{"line":25,"column":23},"end":{"line":25,"column":62}},{"start":{"line":26,"column":20},"end":{"line":26,"column":70}},{"start":{"line":27,"column":20},"end":{"line":27,"column":71}},{"start":{"line":28,"column":20},"end":{"line":28,"column":29}}]},"2":{"line":30,"type":"binary-expr","locations":[{"start":{"line":30,"column":23},"end":{"line":30,"column":37}},{"start":{"line":31,"column":20},"end":{"line":31,"column":61}},{"start":{"line":32,"column":20},"end":{"line":32,"column":70}},{"start":{"line":33,"column":20},"end":{"line":33,"column":26}}]},"3":{"line":37,"type":"cond-expr","locations":[{"start":{"line":38,"column":14},"end":{"line":38,"column":20}},{"start":{"line":39,"column":14},"end":{"line":39,"column":20}}]},"4":{"line":40,"type":"switch","locations":[{"start":{"line":42,"column":8},"end":{"line":47,"column":18}},{"start":{"line":49,"column":8},"end":{"line":52,"column":18}}]},"5":{"line":44,"type":"binary-expr","locations":[{"start":{"line":44,"column":16},"end":{"line":44,"column":44}},{"start":{"line":44,"column":48},"end":{"line":44,"column":66}}]},"6":{"line":50,"type":"binary-expr","locations":[{"start":{"line":50,"column":21},"end":{"line":50,"column":49}},{"start":{"line":50,"column":53},"end":{"line":50,"column":72}}]},"7":{"line":64,"type":"switch","locations":[{"start":{"line":69,"column":4},"end":{"line":70,"column":14}},{"start":{"line":75,"column":4},"end":{"line":76,"column":14}}]},"8":{"line":85,"type":"switch","locations":[{"start":{"line":90,"column":4},"end":{"line":105,"column":14}},{"start":{"line":111,"column":4},"end":{"line":193,"column":14},"skip":true}]},"9":{"line":91,"type":"binary-expr","locations":[{"start":{"line":91,"column":42},"end":{"line":91,"column":73}},{"start":{"line":91,"column":77},"end":{"line":99,"column":9}}]},"10":{"line":102,"type":"binary-expr","locations":[{"start":{"line":102,"column":18},"end":{"line":102,"column":32}},{"start":{"line":103,"column":12},"end":{"line":103,"column":53}},{"start":{"line":104,"column":12},"end":{"line":104,"column":61}}]},"11":{"line":112,"type":"binary-expr","locations":[{"start":{"line":112,"column":45},"end":{"line":112,"column":79},"skip":true},{"start":{"line":112,"column":83},"end":{"line":121,"column":9},"skip":true}]},"12":{"line":123,"type":"binary-expr","locations":[{"start":{"line":123,"column":42},"end":{"line":123,"column":73},"skip":true},{"start":{"line":123,"column":77},"end":{"line":136,"column":9},"skip":true}]},"13":{"line":138,"type":"binary-expr","locations":[{"start":{"line":138,"column":48},"end":{"line":138,"column":85},"skip":true},{"start":{"line":139,"column":12},"end":{"line":145,"column":13},"skip":true}]},"14":{"line":147,"type":"binary-expr","locations":[{"start":{"line":147,"column":42},"end":{"line":147,"column":73},"skip":true},{"start":{"line":147,"column":77},"end":{"line":156,"column":9},"skip":true}]},"15":{"line":158,"type":"binary-expr","locations":[{"start":{"line":158,"column":45},"end":{"line":158,"column":79},"skip":true},{"start":{"line":158,"column":83},"end":{"line":167,"column":9},"skip":true}]},"16":{"line":169,"type":"binary-expr","locations":[{"start":{"line":169,"column":43},"end":{"line":169,"column":75},"skip":true},{"start":{"line":169,"column":79},"end":{"line":178,"column":9},"skip":true}]},"17":{"line":180,"type":"binary-expr","locations":[{"start":{"line":180,"column":41},"end":{"line":180,"column":71},"skip":true},{"start":{"line":180,"column":75},"end":{"line":189,"column":9},"skip":true}]}},"code":["/* istanbul instrument in package npmtest_redux_loop */","/*jslint","    bitwise: true,","    browser: true,","    maxerr: 8,","    maxlen: 96,","    node: true,","    nomen: true,","    regexp: true,","    stupid: true","*/","(function () {","    'use strict';","    var local;","","","","    // run shared js-env code - init-before","    (function () {","        // init local","        local = {};","        // init modeJs","        local.modeJs = (function () {","            try {","                return typeof navigator.userAgent === 'string' &&","                    typeof document.querySelector('body') === 'object' &&","                    typeof XMLHttpRequest.prototype.open === 'function' &&","                    'browser';","            } catch (errorCaughtBrowser) {","                return module.exports &&","                    typeof process.versions.node === 'string' &&","                    typeof require('http').createServer === 'function' &&","                    'node';","            }","        }());","        // init global","        local.global = local.modeJs === 'browser'","            ? window","            : global;","        switch (local.modeJs) {","        // re-init local from window.local","        case 'browser':","            local = local.global.utility2.objectSetDefault(","                local.global.utility2_rollup || local.global.local,","                local.global.utility2","            );","            break;","        // re-init local from example.js","        case 'node':","            local = (local.global.utility2_rollup || require('utility2'))","                .requireReadme();","            break;","        }","        // export local","        local.global.local = local;","    }());","","","","    // run shared js-env code - function","    (function () {","        return;","    }());","    switch (local.modeJs) {","","","","    // run browser js-env code - function","    case 'browser':","        break;","","","","    // run node js-env code - function","    case 'node':","        break;","    }","","","","    // run shared js-env code - init-after","    (function () {","        return;","    }());","    switch (local.modeJs) {","","","","    // run browser js-env code - init-after","    case 'browser':","        local.testCase_browser_nullCase = local.testCase_browser_nullCase || function (","            options,","            onError","        ) {","        /*","         * this function will test browsers's null-case handling-behavior-behavior","         */","            onError(null, options);","        };","","        // run tests","        local.nop(local.modeTest &&","            document.querySelector('#testRunButton1') &&","            document.querySelector('#testRunButton1').click());","        break;","","","","    // run node js-env code - init-after","    /* istanbul ignore next */","    case 'node':","        local.testCase_buildApidoc_default = local.testCase_buildApidoc_default || function (","            options,","            onError","        ) {","        /*","         * this function will test buildApidoc's default handling-behavior-behavior","         */","            options = { modulePathList: module.paths };","            local.buildApidoc(options, onError);","        };","","        local.testCase_buildApp_default = local.testCase_buildApp_default || function (","            options,","            onError","        ) {","        /*","         * this function will test buildApp's default handling-behavior-behavior","         */","            local.testCase_buildReadme_default(options, local.onErrorThrow);","            local.testCase_buildLib_default(options, local.onErrorThrow);","            local.testCase_buildTest_default(options, local.onErrorThrow);","            local.testCase_buildCustomOrg_default(options, local.onErrorThrow);","            options = [];","            local.buildApp(options, onError);","        };","","        local.testCase_buildCustomOrg_default = local.testCase_buildCustomOrg_default ||","            function (options, onError) {","            /*","             * this function will test buildCustomOrg's default handling-behavior","             */","                options = {};","                local.buildCustomOrg(options, onError);","            };","","        local.testCase_buildLib_default = local.testCase_buildLib_default || function (","            options,","            onError","        ) {","        /*","         * this function will test buildLib's default handling-behavior","         */","            options = {};","            local.buildLib(options, onError);","        };","","        local.testCase_buildReadme_default = local.testCase_buildReadme_default || function (","            options,","            onError","        ) {","        /*","         * this function will test buildReadme's default handling-behavior-behavior","         */","            options = {};","            local.buildReadme(options, onError);","        };","","        local.testCase_buildTest_default = local.testCase_buildTest_default || function (","            options,","            onError","        ) {","        /*","         * this function will test buildTest's default handling-behavior","         */","            options = {};","            local.buildTest(options, onError);","        };","","        local.testCase_webpage_default = local.testCase_webpage_default || function (","            options,","            onError","        ) {","        /*","         * this function will test webpage's default handling-behavior","         */","            options = { modeCoverageMerge: true, url: local.serverLocalHost + '?modeTest=1' };","            local.browserTest(options, onError);","        };","","        // run test-server","        local.testRunServer(local);","        break;","    }","}());",""],"l":{"12":2,"14":2,"19":2,"21":2,"23":2,"24":2,"25":2,"30":1,"37":2,"40":2,"43":1,"47":1,"50":1,"52":1,"55":2,"61":2,"62":2,"64":2,"70":1,"76":1,"82":2,"83":2,"85":2,"91":1,"98":1,"102":1,"105":1,"112":1,"119":1,"120":1,"123":1,"130":1,"131":1,"132":1,"133":1,"134":1,"135":1,"138":1,"143":2,"144":2,"147":1,"154":2,"155":2,"158":1,"165":2,"166":2,"169":1,"176":2,"177":2,"180":1,"187":1,"188":1,"192":1,"193":1}},"/home/travis/build/npmtest/node-npmtest-redux-loop/lib.npmtest_redux_loop.js":{"path":"/home/travis/build/npmtest/node-npmtest-redux-loop/lib.npmtest_redux_loop.js","s":{"1":2,"2":2,"3":2,"4":2,"5":2,"6":2,"7":2,"8":1,"9":2,"10":2,"11":2,"12":2,"13":1,"14":1,"15":1,"16":1},"b":{"1":[2,1,1,1],"2":[1,1,1,1],"3":[1,1],"4":[2,2],"5":[1,1]},"f":{"1":2,"2":2,"3":2},"fnMap":{"1":{"name":"(anonymous_1)","line":12,"loc":{"start":{"line":12,"column":1},"end":{"line":12,"column":13}}},"2":{"name":"(anonymous_2)","line":19,"loc":{"start":{"line":19,"column":5},"end":{"line":19,"column":17}}},"3":{"name":"(anonymous_3)","line":23,"loc":{"start":{"line":23,"column":24},"end":{"line":23,"column":36}}}},"statementMap":{"1":{"start":{"line":12,"column":0},"end":{"line":53,"column":5}},"2":{"start":{"line":14,"column":4},"end":{"line":14,"column":14}},"3":{"start":{"line":19,"column":4},"end":{"line":52,"column":9}},"4":{"start":{"line":21,"column":8},"end":{"line":21,"column":19}},"5":{"start":{"line":23,"column":8},"end":{"line":35,"column":13}},"6":{"start":{"line":24,"column":12},"end":{"line":34,"column":13}},"7":{"start":{"line":25,"column":16},"end":{"line":28,"column":30}},"8":{"start":{"line":30,"column":16},"end":{"line":33,"column":27}},"9":{"start":{"line":37,"column":8},"end":{"line":39,"column":21}},"10":{"start":{"line":41,"column":8},"end":{"line":41,"column":54}},"11":{"start":{"line":43,"column":8},"end":{"line":43,"column":55}},"12":{"start":{"line":45,"column":8},"end":{"line":51,"column":9}},"13":{"start":{"line":46,"column":12},"end":{"line":46,"column":61}},"14":{"start":{"line":48,"column":12},"end":{"line":48,"column":35}},"15":{"start":{"line":49,"column":12},"end":{"line":49,"column":49}},"16":{"start":{"line":50,"column":12},"end":{"line":50,"column":43}}},"branchMap":{"1":{"line":25,"type":"binary-expr","locations":[{"start":{"line":25,"column":23},"end":{"line":25,"column":62}},{"start":{"line":26,"column":20},"end":{"line":26,"column":70}},{"start":{"line":27,"column":20},"end":{"line":27,"column":71}},{"start":{"line":28,"column":20},"end":{"line":28,"column":29}}]},"2":{"line":30,"type":"binary-expr","locations":[{"start":{"line":30,"column":23},"end":{"line":30,"column":37}},{"start":{"line":31,"column":20},"end":{"line":31,"column":61}},{"start":{"line":32,"column":20},"end":{"line":32,"column":70}},{"start":{"line":33,"column":20},"end":{"line":33,"column":26}}]},"3":{"line":37,"type":"cond-expr","locations":[{"start":{"line":38,"column":14},"end":{"line":38,"column":20}},{"start":{"line":39,"column":14},"end":{"line":39,"column":20}}]},"4":{"line":41,"type":"binary-expr","locations":[{"start":{"line":41,"column":16},"end":{"line":41,"column":44}},{"start":{"line":41,"column":48},"end":{"line":41,"column":53}}]},"5":{"line":45,"type":"if","locations":[{"start":{"line":45,"column":8},"end":{"line":45,"column":8}},{"start":{"line":45,"column":8},"end":{"line":45,"column":8}}]}},"code":["/* istanbul instrument in package npmtest_redux_loop */","/*jslint","    bitwise: true,","    browser: true,","    maxerr: 8,","    maxlen: 96,","    node: true,","    nomen: true,","    regexp: true,","    stupid: true","*/","(function () {","    'use strict';","    var local;","","","","    // run shared js-env code - init-before","    (function () {","        // init local","        local = {};","        // init modeJs","        local.modeJs = (function () {","            try {","                return typeof navigator.userAgent === 'string' &&","                    typeof document.querySelector('body') === 'object' &&","                    typeof XMLHttpRequest.prototype.open === 'function' &&","                    'browser';","            } catch (errorCaughtBrowser) {","                return module.exports &&","                    typeof process.versions.node === 'string' &&","                    typeof require('http').createServer === 'function' &&","                    'node';","            }","        }());","        // init global","        local.global = local.modeJs === 'browser'","            ? window","            : global;","        // init utility2_rollup","        local = local.global.utility2_rollup || local;","        // init lib","        local.local = local.npmtest_redux_loop = local;","        // init exports","        if (local.modeJs === 'browser') {","            local.global.utility2_npmtest_redux_loop = local;","        } else {","            module.exports = local;","            module.exports.__dirname = __dirname;","            module.exports.module = module;","        }","    }());","}());",""],"l":{"12":2,"14":2,"19":2,"21":2,"23":2,"24":2,"25":2,"30":1,"37":2,"41":2,"43":2,"45":2,"46":1,"48":1,"49":1,"50":1}},"/home/travis/build/npmtest/node-npmtest-redux-loop/example.js":{"path":"/home/travis/build/npmtest/node-npmtest-redux-loop/example.js","s":{"1":2,"2":2,"3":2,"4":2,"5":2,"6":2,"7":2,"8":1,"9":2,"10":2,"11":2,"12":2,"13":1,"14":2,"15":2,"16":2,"17":2,"18":2,"19":0,"20":2,"21":1,"22":1,"23":1,"24":1,"25":1,"26":0,"27":0,"28":1,"29":1,"30":2,"31":0,"32":0,"33":0,"34":1,"35":2,"36":2,"37":3,"38":3,"39":3,"40":3,"41":0,"42":3,"43":3,"44":3,"45":1,"46":3,"47":1,"48":1,"49":1,"50":1,"51":1,"52":1,"53":1,"54":1,"55":1,"56":1,"57":0,"58":1,"59":6,"60":6,"61":1,"62":2,"63":0,"64":2,"65":1,"66":1,"67":0,"68":0,"69":0,"70":0,"71":0,"72":0,"73":0,"74":0,"75":0,"76":0,"77":0,"78":0,"79":0,"80":0,"81":0,"82":0,"83":0},"b":{"1":[2,1,1,1],"2":[1,1,1,1],"3":[1,1],"4":[2,2],"5":[1,1],"6":[1,1],"7":[2,0],"8":[2,1,1,1,1,1],"9":[0,2,0],"10":[1,1],"11":[2,1,1],"12":[1,0],"13":[0,2],"14":[2,0,0,0,0,0,0],"15":[0,3],"16":[3,0],"17":[1,1],"18":[0,1],"19":[1,2,0,2],"20":[1,0],"21":[1,1],"22":[0,0],"23":[0,0],"24":[0,0],"25":[0,0],"26":[0,0],"27":[0,0],"28":[0,0]},"f":{"1":2,"2":2,"3":2,"4":2,"5":2,"6":2,"7":3,"8":3,"9":3,"10":1,"11":6,"12":0},"fnMap":{"1":{"name":"(anonymous_1)","line":26,"loc":{"start":{"line":26,"column":1},"end":{"line":26,"column":13}}},"2":{"name":"(anonymous_2)","line":33,"loc":{"start":{"line":33,"column":5},"end":{"line":33,"column":17}}},"3":{"name":"(anonymous_3)","line":37,"loc":{"start":{"line":37,"column":24},"end":{"line":37,"column":36}}},"4":{"name":"(anonymous_4)","line":69,"loc":{"start":{"line":69,"column":31},"end":{"line":69,"column":48}},"skip":true},"5":{"name":"(anonymous_5)","line":78,"loc":{"start":{"line":78,"column":26},"end":{"line":78,"column":45}},"skip":true},"6":{"name":"(anonymous_6)","line":123,"loc":{"start":{"line":123,"column":33},"end":{"line":123,"column":48}},"skip":true},"7":{"name":"(anonymous_7)","line":125,"loc":{"start":{"line":125,"column":27},"end":{"line":125,"column":39}},"skip":true},"8":{"name":"(anonymous_8)","line":133,"loc":{"start":{"line":133,"column":59},"end":{"line":133,"column":74}},"skip":true},"9":{"name":"(anonymous_9)","line":143,"loc":{"start":{"line":143,"column":45},"end":{"line":143,"column":62}},"skip":true},"10":{"name":"(anonymous_10)","line":144,"loc":{"start":{"line":144,"column":73},"end":{"line":144,"column":92}},"skip":true},"11":{"name":"(anonymous_11)","line":272,"loc":{"start":{"line":272,"column":51},"end":{"line":272,"column":77}},"skip":true},"12":{"name":"(anonymous_12)","line":315,"loc":{"start":{"line":315,"column":32},"end":{"line":315,"column":61}},"skip":true}},"statementMap":{"1":{"start":{"line":26,"column":0},"end":{"line":326,"column":5}},"2":{"start":{"line":28,"column":4},"end":{"line":28,"column":14}},"3":{"start":{"line":33,"column":4},"end":{"line":60,"column":9}},"4":{"start":{"line":35,"column":8},"end":{"line":35,"column":19}},"5":{"start":{"line":37,"column":8},"end":{"line":49,"column":13}},"6":{"start":{"line":38,"column":12},"end":{"line":48,"column":13}},"7":{"start":{"line":39,"column":16},"end":{"line":42,"column":30}},"8":{"start":{"line":44,"column":16},"end":{"line":47,"column":27}},"9":{"start":{"line":51,"column":8},"end":{"line":53,"column":21}},"10":{"start":{"line":55,"column":8},"end":{"line":57,"column":45}},"11":{"start":{"line":59,"column":8},"end":{"line":59,"column":35}},"12":{"start":{"line":61,"column":4},"end":{"line":325,"column":5}},"13":{"start":{"line":69,"column":8},"end":{"line":121,"column":10},"skip":true},"14":{"start":{"line":70,"column":12},"end":{"line":88,"column":13},"skip":true},"15":{"start":{"line":76,"column":16},"end":{"line":87,"column":19},"skip":true},"16":{"start":{"line":79,"column":20},"end":{"line":86,"column":21},"skip":true},"17":{"start":{"line":82,"column":24},"end":{"line":82,"column":43},"skip":true},"18":{"start":{"line":83,"column":24},"end":{"line":83,"column":30},"skip":true},"19":{"start":{"line":85,"column":24},"end":{"line":85,"column":49},"skip":true},"20":{"start":{"line":89,"column":12},"end":{"line":107,"column":13},"skip":true},"21":{"start":{"line":92,"column":16},"end":{"line":102,"column":17},"skip":true},"22":{"start":{"line":93,"column":20},"end":{"line":93,"column":86},"skip":true},"23":{"start":{"line":94,"column":20},"end":{"line":95,"column":45},"skip":true},"24":{"start":{"line":96,"column":20},"end":{"line":96,"column":42},"skip":true},"25":{"start":{"line":97,"column":20},"end":{"line":97,"column":48},"skip":true},"26":{"start":{"line":100,"column":20},"end":{"line":100,"column":85},"skip":true},"27":{"start":{"line":101,"column":20},"end":{"line":101,"column":96},"skip":true},"28":{"start":{"line":103,"column":16},"end":{"line":103,"column":22},"skip":true},"29":{"start":{"line":106,"column":16},"end":{"line":106,"column":22},"skip":true},"30":{"start":{"line":108,"column":12},"end":{"line":120,"column":13},"skip":true},"31":{"start":{"line":114,"column":16},"end":{"line":119,"column":17},"skip":true},"32":{"start":{"line":116,"column":20},"end":{"line":116,"column":78},"skip":true},"33":{"start":{"line":118,"column":20},"end":{"line":118,"column":47},"skip":true},"34":{"start":{"line":123,"column":8},"end":{"line":141,"column":11},"skip":true},"35":{"start":{"line":124,"column":12},"end":{"line":124,"column":54},"skip":true},"36":{"start":{"line":125,"column":12},"end":{"line":140,"column":14},"skip":true},"37":{"start":{"line":126,"column":16},"end":{"line":126,"column":28},"skip":true},"38":{"start":{"line":127,"column":16},"end":{"line":127,"column":69},"skip":true},"39":{"start":{"line":128,"column":16},"end":{"line":128,"column":75},"skip":true},"40":{"start":{"line":129,"column":16},"end":{"line":131,"column":17},"skip":true},"41":{"start":{"line":130,"column":20},"end":{"line":130,"column":27},"skip":true},"42":{"start":{"line":133,"column":16},"end":{"line":137,"column":36},"skip":true},"43":{"start":{"line":134,"column":20},"end":{"line":136,"column":55},"skip":true},"44":{"start":{"line":139,"column":16},"end":{"line":139,"column":57},"skip":true},"45":{"start":{"line":143,"column":8},"end":{"line":147,"column":11},"skip":true},"46":{"start":{"line":144,"column":12},"end":{"line":146,"column":15},"skip":true},"47":{"start":{"line":145,"column":16},"end":{"line":145,"column":70},"skip":true},"48":{"start":{"line":149,"column":8},"end":{"line":149,"column":31},"skip":true},"49":{"start":{"line":150,"column":8},"end":{"line":150,"column":14},"skip":true},"50":{"start":{"line":158,"column":8},"end":{"line":158,"column":31},"skip":true},"51":{"start":{"line":160,"column":8},"end":{"line":160,"column":33},"skip":true},"52":{"start":{"line":161,"column":8},"end":{"line":161,"column":37},"skip":true},"53":{"start":{"line":162,"column":8},"end":{"line":162,"column":35},"skip":true},"54":{"start":{"line":164,"column":8},"end":{"line":164,"column":50},"skip":true},"55":{"start":{"line":166,"column":8},"end":{"line":256,"column":2},"skip":true},"56":{"start":{"line":258,"column":8},"end":{"line":286,"column":9},"skip":true},"57":{"start":{"line":259,"column":12},"end":{"line":269,"column":14},"skip":true},"58":{"start":{"line":271,"column":12},"end":{"line":285,"column":19},"skip":true},"59":{"start":{"line":274,"column":20},"end":{"line":274,"column":35},"skip":true},"60":{"start":{"line":275,"column":20},"end":{"line":284,"column":21},"skip":true},"61":{"start":{"line":277,"column":24},"end":{"line":277,"column":64},"skip":true},"62":{"start":{"line":279,"column":24},"end":{"line":279,"column":40},"skip":true},"63":{"start":{"line":281,"column":24},"end":{"line":281,"column":40},"skip":true},"64":{"start":{"line":283,"column":24},"end":{"line":283,"column":39},"skip":true},"65":{"start":{"line":288,"column":8},"end":{"line":290,"column":9},"skip":true},"66":{"start":{"line":289,"column":12},"end":{"line":289,"column":18},"skip":true},"67":{"start":{"line":291,"column":8},"end":{"line":293,"column":54},"skip":true},"68":{"start":{"line":296,"column":8},"end":{"line":301,"column":37},"skip":true},"69":{"start":{"line":303,"column":8},"end":{"line":303,"column":82},"skip":true},"70":{"start":{"line":306,"column":8},"end":{"line":308,"column":9},"skip":true},"71":{"start":{"line":307,"column":12},"end":{"line":307,"column":82},"skip":true},"72":{"start":{"line":310,"column":8},"end":{"line":312,"column":9},"skip":true},"73":{"start":{"line":311,"column":12},"end":{"line":311,"column":18},"skip":true},"74":{"start":{"line":313,"column":8},"end":{"line":313,"column":54},"skip":true},"75":{"start":{"line":314,"column":8},"end":{"line":314,"column":69},"skip":true},"76":{"start":{"line":315,"column":8},"end":{"line":323,"column":36},"skip":true},"77":{"start":{"line":316,"column":12},"end":{"line":316,"column":61},"skip":true},"78":{"start":{"line":317,"column":12},"end":{"line":320,"column":13},"skip":true},"79":{"start":{"line":318,"column":16},"end":{"line":318,"column":75},"skip":true},"80":{"start":{"line":319,"column":16},"end":{"line":319,"column":23},"skip":true},"81":{"start":{"line":321,"column":12},"end":{"line":321,"column":38},"skip":true},"82":{"start":{"line":322,"column":12},"end":{"line":322,"column":27},"skip":true},"83":{"start":{"line":324,"column":8},"end":{"line":324,"column":14},"skip":true}},"branchMap":{"1":{"line":39,"type":"binary-expr","locations":[{"start":{"line":39,"column":23},"end":{"line":39,"column":62}},{"start":{"line":40,"column":20},"end":{"line":40,"column":70}},{"start":{"line":41,"column":20},"end":{"line":41,"column":71}},{"start":{"line":42,"column":20},"end":{"line":42,"column":29}}]},"2":{"line":44,"type":"binary-expr","locations":[{"start":{"line":44,"column":23},"end":{"line":44,"column":37}},{"start":{"line":45,"column":20},"end":{"line":45,"column":61}},{"start":{"line":46,"column":20},"end":{"line":46,"column":70}},{"start":{"line":47,"column":20},"end":{"line":47,"column":26}}]},"3":{"line":51,"type":"cond-expr","locations":[{"start":{"line":52,"column":14},"end":{"line":52,"column":20}},{"start":{"line":53,"column":14},"end":{"line":53,"column":20}}]},"4":{"line":55,"type":"binary-expr","locations":[{"start":{"line":55,"column":16},"end":{"line":55,"column":44}},{"start":{"line":55,"column":49},"end":{"line":57,"column":43}}]},"5":{"line":55,"type":"cond-expr","locations":[{"start":{"line":56,"column":14},"end":{"line":56,"column":54}},{"start":{"line":57,"column":14},"end":{"line":57,"column":43}}]},"6":{"line":61,"type":"switch","locations":[{"start":{"line":68,"column":4},"end":{"line":150,"column":14},"skip":true},{"start":{"line":156,"column":4},"end":{"line":324,"column":14},"skip":true}]},"7":{"line":70,"type":"if","locations":[{"start":{"line":70,"column":12},"end":{"line":70,"column":12},"skip":true},{"start":{"line":70,"column":12},"end":{"line":70,"column":12},"skip":true}]},"8":{"line":70,"type":"binary-expr","locations":[{"start":{"line":70,"column":16},"end":{"line":70,"column":22},"skip":true},{"start":{"line":70,"column":27},"end":{"line":70,"column":32},"skip":true},{"start":{"line":71,"column":20},"end":{"line":71,"column":39},"skip":true},{"start":{"line":72,"column":20},"end":{"line":72,"column":49},"skip":true},{"start":{"line":73,"column":20},"end":{"line":73,"column":58},"skip":true},{"start":{"line":74,"column":20},"end":{"line":74,"column":69},"skip":true}]},"9":{"line":79,"type":"switch","locations":[{"start":{"line":80,"column":20},"end":{"line":80,"column":33},"skip":true},{"start":{"line":81,"column":20},"end":{"line":83,"column":30},"skip":true},{"start":{"line":84,"column":20},"end":{"line":85,"column":49},"skip":true}]},"10":{"line":89,"type":"switch","locations":[{"start":{"line":90,"column":12},"end":{"line":103,"column":22},"skip":true},{"start":{"line":105,"column":12},"end":{"line":106,"column":22},"skip":true}]},"11":{"line":89,"type":"binary-expr","locations":[{"start":{"line":89,"column":20},"end":{"line":89,"column":25},"skip":true},{"start":{"line":89,"column":29},"end":{"line":89,"column":48},"skip":true},{"start":{"line":89,"column":52},"end":{"line":89,"column":74},"skip":true}]},"12":{"line":92,"type":"if","locations":[{"start":{"line":92,"column":16},"end":{"line":92,"column":16},"skip":true},{"start":{"line":92,"column":16},"end":{"line":92,"column":16},"skip":true}]},"13":{"line":108,"type":"if","locations":[{"start":{"line":108,"column":12},"end":{"line":108,"column":12},"skip":true},{"start":{"line":108,"column":12},"end":{"line":108,"column":12},"skip":true}]},"14":{"line":108,"type":"binary-expr","locations":[{"start":{"line":108,"column":16},"end":{"line":108,"column":61},"skip":true},{"start":{"line":108,"column":66},"end":{"line":108,"column":72},"skip":true},{"start":{"line":108,"column":77},"end":{"line":108,"column":82},"skip":true},{"start":{"line":109,"column":20},"end":{"line":109,"column":39},"skip":true},{"start":{"line":110,"column":20},"end":{"line":110,"column":49},"skip":true},{"start":{"line":111,"column":20},"end":{"line":111,"column":58},"skip":true},{"start":{"line":112,"column":20},"end":{"line":112,"column":68},"skip":true}]},"15":{"line":129,"type":"if","locations":[{"start":{"line":129,"column":16},"end":{"line":129,"column":16},"skip":true},{"start":{"line":129,"column":16},"end":{"line":129,"column":16},"skip":true}]},"16":{"line":134,"type":"cond-expr","locations":[{"start":{"line":135,"column":26},"end":{"line":135,"column":29},"skip":true},{"start":{"line":136,"column":26},"end":{"line":136,"column":54},"skip":true}]},"17":{"line":164,"type":"binary-expr","locations":[{"start":{"line":164,"column":27},"end":{"line":164,"column":43},"skip":true},{"start":{"line":164,"column":47},"end":{"line":164,"column":49},"skip":true}]},"18":{"line":258,"type":"if","locations":[{"start":{"line":258,"column":8},"end":{"line":258,"column":8},"skip":true},{"start":{"line":258,"column":8},"end":{"line":258,"column":8},"skip":true}]},"19":{"line":275,"type":"switch","locations":[{"start":{"line":276,"column":20},"end":{"line":277,"column":64},"skip":true},{"start":{"line":278,"column":20},"end":{"line":279,"column":40},"skip":true},{"start":{"line":280,"column":20},"end":{"line":281,"column":40},"skip":true},{"start":{"line":282,"column":20},"end":{"line":283,"column":39},"skip":true}]},"20":{"line":288,"type":"if","locations":[{"start":{"line":288,"column":8},"end":{"line":288,"column":8},"skip":true},{"start":{"line":288,"column":8},"end":{"line":288,"column":8},"skip":true}]},"21":{"line":288,"type":"binary-expr","locations":[{"start":{"line":288,"column":12},"end":{"line":288,"column":40},"skip":true},{"start":{"line":288,"column":44},"end":{"line":288,"column":67},"skip":true}]},"22":{"line":292,"type":"binary-expr","locations":[{"start":{"line":292,"column":12},"end":{"line":292,"column":50},"skip":true},{"start":{"line":293,"column":12},"end":{"line":293,"column":53},"skip":true}]},"23":{"line":297,"type":"binary-expr","locations":[{"start":{"line":297,"column":12},"end":{"line":297,"column":68},"skip":true},{"start":{"line":298,"column":12},"end":{"line":301,"column":36},"skip":true}]},"24":{"line":303,"type":"binary-expr","locations":[{"start":{"line":303,"column":43},"end":{"line":303,"column":75},"skip":true},{"start":{"line":303,"column":79},"end":{"line":303,"column":81},"skip":true}]},"25":{"line":306,"type":"if","locations":[{"start":{"line":306,"column":8},"end":{"line":306,"column":8},"skip":true},{"start":{"line":306,"column":8},"end":{"line":306,"column":8},"skip":true}]},"26":{"line":310,"type":"if","locations":[{"start":{"line":310,"column":8},"end":{"line":310,"column":8},"skip":true},{"start":{"line":310,"column":8},"end":{"line":310,"column":8},"skip":true}]},"27":{"line":313,"type":"binary-expr","locations":[{"start":{"line":313,"column":27},"end":{"line":313,"column":43},"skip":true},{"start":{"line":313,"column":47},"end":{"line":313,"column":53},"skip":true}]},"28":{"line":317,"type":"if","locations":[{"start":{"line":317,"column":12},"end":{"line":317,"column":12},"skip":true},{"start":{"line":317,"column":12},"end":{"line":317,"column":12},"skip":true}]}},"code":["/*","example.js","","quickstart example","","instruction","    1. save this script as example.js","    2. run the shell command:","        $ npm install npmtest-redux-loop && PORT=8081 node example.js","    3. play with the browser-demo on http://127.0.0.1:8081","*/","","","","/* istanbul instrument in package npmtest_redux_loop */","/*jslint","    bitwise: true,","    browser: true,","    maxerr: 8,","    maxlen: 96,","    node: true,","    nomen: true,","    regexp: true,","    stupid: true","*/","(function () {","    'use strict';","    var local;","","","","    // run shared js-env code - init-before","    (function () {","        // init local","        local = {};","        // init modeJs","        local.modeJs = (function () {","            try {","                return typeof navigator.userAgent === 'string' &&","                    typeof document.querySelector('body') === 'object' &&","                    typeof XMLHttpRequest.prototype.open === 'function' &&","                    'browser';","            } catch (errorCaughtBrowser) {","                return module.exports &&","                    typeof process.versions.node === 'string' &&","                    typeof require('http').createServer === 'function' &&","                    'node';","            }","        }());","        // init global","        local.global = local.modeJs === 'browser'","            ? window","            : global;","        // init utility2_rollup","        local = local.global.utility2_rollup || (local.modeJs === 'browser'","            ? local.global.utility2_npmtest_redux_loop","            : global.utility2_moduleExports);","        // export local","        local.global.local = local;","    }());","    switch (local.modeJs) {","","","","    // init-after","    // run browser js-env code - init-after","    /* istanbul ignore next */","    case 'browser':","        local.testRunBrowser = function (event) {","            if (!event || (event &&","                    event.currentTarget &&","                    event.currentTarget.className &&","                    event.currentTarget.className.includes &&","                    event.currentTarget.className.includes('onreset'))) {","                // reset output","                Array.from(","                    document.querySelectorAll('body > .resettable')","                ).forEach(function (element) {","                    switch (element.tagName) {","                    case 'INPUT':","                    case 'TEXTAREA':","                        element.value = '';","                        break;","                    default:","                        element.textContent = '';","                    }","                });","            }","            switch (event && event.currentTarget && event.currentTarget.id) {","            case 'testRunButton1':","                // show tests","                if (document.querySelector('#testReportDiv1').style.display === 'none') {","                    document.querySelector('#testReportDiv1').style.display = 'block';","                    document.querySelector('#testRunButton1').textContent =","                        'hide internal test';","                    local.modeTest = true;","                    local.testRunDefault(local);","                // hide tests","                } else {","                    document.querySelector('#testReportDiv1').style.display = 'none';","                    document.querySelector('#testRunButton1').textContent = 'run internal test';","                }","                break;","            // custom-case","            default:","                break;","            }","            if (document.querySelector('#inputTextareaEval1') && (!event || (event &&","                    event.currentTarget &&","                    event.currentTarget.className &&","                    event.currentTarget.className.includes &&","                    event.currentTarget.className.includes('oneval')))) {","                // try to eval input-code","                try {","                    /*jslint evil: true*/","                    eval(document.querySelector('#inputTextareaEval1').value);","                } catch (errorCaught) {","                    console.error(errorCaught);","                }","            }","        };","        // log stderr and stdout to #outputTextareaStdout1","        ['error', 'log'].forEach(function (key) {","            console[key + '_original'] = console[key];","            console[key] = function () {","                var element;","                console[key + '_original'].apply(console, arguments);","                element = document.querySelector('#outputTextareaStdout1');","                if (!element) {","                    return;","                }","                // append text to #outputTextareaStdout1","                element.value += Array.from(arguments).map(function (arg) {","                    return typeof arg === 'string'","                        ? arg","                        : JSON.stringify(arg, null, 4);","                }).join(' ') + '\\n';","                // scroll textarea to bottom","                element.scrollTop = element.scrollHeight;","            };","        });","        // init event-handling","        ['change', 'click', 'keyup'].forEach(function (event) {","            Array.from(document.querySelectorAll('.on' + event)).forEach(function (element) {","                element.addEventListener(event, local.testRunBrowser);","            });","        });","        // run tests","        local.testRunBrowser();","        break;","","","","    // run node js-env code - init-after","    /* istanbul ignore next */","    case 'node':","        // export local","        module.exports = local;","        // require modules","        local.fs = require('fs');","        local.http = require('http');","        local.url = require('url');","        // init assets","        local.assetsDict = local.assetsDict || {};","        /* jslint-ignore-begin */","        local.assetsDict['/assets.index.template.html'] = '\\","<!doctype html>\\n\\","<html lang=\"en\">\\n\\","<head>\\n\\","<meta charset=\"UTF-8\">\\n\\","<meta name=\"viewport\" content=\"width=device-width, initial-scale=1\">\\n\\","<title>{{env.npm_package_name}} (v{{env.npm_package_version}})</title>\\n\\","<style>\\n\\","/*csslint\\n\\","    box-sizing: false,\\n\\","    universal-selector: false\\n\\","*/\\n\\","* {\\n\\","    box-sizing: border-box;\\n\\","}\\n\\","body {\\n\\","    background: #dde;\\n\\","    font-family: Arial, Helvetica, sans-serif;\\n\\","    margin: 2rem;\\n\\","}\\n\\","body > * {\\n\\","    margin-bottom: 1rem;\\n\\","}\\n\\",".utility2FooterDiv {\\n\\","    margin-top: 20px;\\n\\","    text-align: center;\\n\\","}\\n\\","</style>\\n\\","<style>\\n\\","/*csslint\\n\\","*/\\n\\","textarea {\\n\\","    font-family: monospace;\\n\\","    height: 10rem;\\n\\","    width: 100%;\\n\\","}\\n\\","textarea[readonly] {\\n\\","    background: #ddd;\\n\\","}\\n\\","</style>\\n\\","</head>\\n\\","<body>\\n\\","<!-- utility2-comment\\n\\","<div id=\"ajaxProgressDiv1\" style=\"background: #d00; height: 2px; left: 0; margin: 0; padding: 0; position: fixed; top: 0; transition: background 0.5s, width 1.5s; width: 25%;\"></div>\\n\\","utility2-comment -->\\n\\","<h1>\\n\\","<!-- utility2-comment\\n\\","    <a\\n\\","        {{#if env.npm_package_homepage}}\\n\\","        href=\"{{env.npm_package_homepage}}\"\\n\\","        {{/if env.npm_package_homepage}}\\n\\","        target=\"_blank\"\\n\\","    >\\n\\","utility2-comment -->\\n\\","        {{env.npm_package_name}} (v{{env.npm_package_version}})\\n\\","<!-- utility2-comment\\n\\","    </a>\\n\\","utility2-comment -->\\n\\","</h1>\\n\\","<h3>{{env.npm_package_description}}</h3>\\n\\","<!-- utility2-comment\\n\\","<h4><a download href=\"assets.app.js\">download standalone app</a></h4>\\n\\","<button class=\"onclick onreset\" id=\"testRunButton1\">run internal test</button><br>\\n\\","<div id=\"testReportDiv1\" style=\"display: none;\"></div>\\n\\","utility2-comment -->\\n\\","\\n\\","\\n\\","\\n\\","<label>stderr and stdout</label>\\n\\","<textarea class=\"resettable\" id=\"outputTextareaStdout1\" readonly></textarea>\\n\\","<!-- utility2-comment\\n\\","{{#if isRollup}}\\n\\","<script src=\"assets.app.js\"></script>\\n\\","{{#unless isRollup}}\\n\\","utility2-comment -->\\n\\","<script src=\"assets.utility2.rollup.js\"></script>\\n\\","<script src=\"jsonp.utility2._stateInit?callback=window.utility2._stateInit\"></script>\\n\\","<script src=\"assets.npmtest_redux_loop.rollup.js\"></script>\\n\\","<script src=\"assets.example.js\"></script>\\n\\","<script src=\"assets.test.js\"></script>\\n\\","<!-- utility2-comment\\n\\","{{/if isRollup}}\\n\\","utility2-comment -->\\n\\","<div class=\"utility2FooterDiv\">\\n\\","    [ this app was created with\\n\\","    <a href=\"https://github.com/kaizhu256/node-utility2\" target=\"_blank\">utility2</a>\\n\\","    ]\\n\\","</div>\\n\\","</body>\\n\\","</html>\\n\\","';","        /* jslint-ignore-end */","        if (local.templateRender) {","            local.assetsDict['/'] = local.templateRender(","                local.assetsDict['/assets.index.template.html'],","                {","                    env: local.objectSetDefault(local.env, {","                        npm_package_description: 'the greatest app in the world!',","                        npm_package_name: 'my-app',","                        npm_package_nameAlias: 'my_app',","                        npm_package_version: '0.0.1'","                    })","                }","            );","        } else {","            local.assetsDict['/'] = local.assetsDict['/assets.index.template.html']","                .replace((/\\{\\{env\\.(\\w+?)\\}\\}/g), function (match0, match1) {","                    // jslint-hack","                    String(match0);","                    switch (match1) {","                    case 'npm_package_description':","                        return 'the greatest app in the world!';","                    case 'npm_package_name':","                        return 'my-app';","                    case 'npm_package_nameAlias':","                        return 'my_app';","                    case 'npm_package_version':","                        return '0.0.1';","                    }","                });","        }","        // run the cli","        if (local.global.utility2_rollup || module !== require.main) {","            break;","        }","        local.assetsDict['/assets.example.js'] =","            local.assetsDict['/assets.example.js'] ||","            local.fs.readFileSync(__filename, 'utf8');","        // bug-workaround - long $npm_package_buildCustomOrg","        /* jslint-ignore-begin */","        local.assetsDict['/assets.npmtest_redux_loop.rollup.js'] =","            local.assetsDict['/assets.npmtest_redux_loop.rollup.js'] ||","            local.fs.readFileSync(","                local.npmtest_redux_loop.__dirname + '/lib.npmtest_redux_loop.js',","                'utf8'","            ).replace((/^#!/), '//');","        /* jslint-ignore-end */","        local.assetsDict['/favicon.ico'] = local.assetsDict['/favicon.ico'] || '';","        // if $npm_config_timeout_exit exists,","        // then exit this process after $npm_config_timeout_exit ms","        if (Number(process.env.npm_config_timeout_exit)) {","            setTimeout(process.exit, Number(process.env.npm_config_timeout_exit));","        }","        // start server","        if (local.global.utility2_serverHttp1) {","            break;","        }","        process.env.PORT = process.env.PORT || '8081';","        console.error('server starting on port ' + process.env.PORT);","        local.http.createServer(function (request, response) {","            request.urlParsed = local.url.parse(request.url);","            if (local.assetsDict[request.urlParsed.pathname] !== undefined) {","                response.end(local.assetsDict[request.urlParsed.pathname]);","                return;","            }","            response.statusCode = 404;","            response.end();","        }).listen(process.env.PORT);","        break;","    }","}());",""],"l":{"26":2,"28":2,"33":2,"35":2,"37":2,"38":2,"39":2,"44":1,"51":2,"55":2,"59":2,"61":2,"69":1,"70":2,"76":2,"79":2,"82":2,"83":2,"85":1,"89":2,"92":1,"93":1,"94":1,"96":1,"97":1,"100":1,"101":1,"103":1,"106":1,"108":2,"114":1,"116":1,"118":1,"123":1,"124":2,"125":2,"126":3,"127":3,"128":3,"129":3,"130":1,"133":3,"134":3,"139":3,"143":1,"144":3,"145":1,"149":1,"150":1,"158":1,"160":1,"161":1,"162":1,"164":1,"166":1,"258":1,"259":1,"271":1,"274":6,"275":6,"277":1,"279":2,"281":1,"283":2,"288":1,"289":1,"291":1,"296":1,"303":1,"306":1,"307":1,"310":1,"311":1,"313":1,"314":1,"315":1,"316":1,"317":1,"318":1,"319":1,"321":1,"322":1,"324":1}},"/home/travis/build/npmtest/node-npmtest-redux-loop/node_modules/redux-loop/lib/index.js":{"path":"/home/travis/build/npmtest/node-npmtest-redux-loop/node_modules/redux-loop/lib/index.js","s":{"1":1,"2":1,"3":1,"4":1,"5":1,"6":1,"7":1,"8":1,"9":1,"10":1,"11":1,"12":1,"13":1,"14":1,"15":1},"b":{},"f":{},"fnMap":{},"statementMap":{"1":{"start":{"line":3,"column":0},"end":{"line":5,"column":3}},"2":{"start":{"line":6,"column":0},"end":{"line":6,"column":163}},"3":{"start":{"line":8,"column":0},"end":{"line":8,"column":30}},"4":{"start":{"line":10,"column":0},"end":{"line":10,"column":36}},"5":{"start":{"line":12,"column":0},"end":{"line":12,"column":36}},"6":{"start":{"line":14,"column":0},"end":{"line":14,"column":52}},"7":{"start":{"line":16,"column":0},"end":{"line":23,"column":2}},"8":{"start":{"line":25,"column":0},"end":{"line":25,"column":59}},"9":{"start":{"line":26,"column":0},"end":{"line":26,"column":26}},"10":{"start":{"line":27,"column":0},"end":{"line":27,"column":35}},"11":{"start":{"line":28,"column":0},"end":{"line":28,"column":26}},"12":{"start":{"line":29,"column":0},"end":{"line":29,"column":30}},"13":{"start":{"line":30,"column":0},"end":{"line":30,"column":36}},"14":{"start":{"line":31,"column":0},"end":{"line":31,"column":34}},"15":{"start":{"line":32,"column":0},"end":{"line":32,"column":36}}},"branchMap":{},"code":["'use strict';","","Object.defineProperty(exports, \"__esModule\", {","  value: true","});","exports.getEffect = exports.getModel = exports.liftState = exports.isLoop = exports.loop = exports.install = exports.Effects = exports.combineReducers = undefined;","","var _loop = require('./loop');","","var _effects = require('./effects');","","var _install = require('./install');","","var _combineReducers = require('./combineReducers');","","var Effects = {","  constant: _effects.constant,","  promise: _effects.promise,","  call: _effects.call,","  batch: _effects.batch,","  none: _effects.none,","  lift: _effects.lift","};","","exports.combineReducers = _combineReducers.combineReducers;","exports.Effects = Effects;","exports.install = _install.install;","exports.loop = _loop.loop;","exports.isLoop = _loop.isLoop;","exports.liftState = _loop.liftState;","exports.getModel = _loop.getModel;","exports.getEffect = _loop.getEffect;"],"l":{"3":1,"6":1,"8":1,"10":1,"12":1,"14":1,"16":1,"25":1,"26":1,"27":1,"28":1,"29":1,"30":1,"31":1,"32":1}},"/home/travis/build/npmtest/node-npmtest-redux-loop/node_modules/redux-loop/lib/loop.js":{"path":"/home/travis/build/npmtest/node-npmtest-redux-loop/node_modules/redux-loop/lib/loop.js","s":{"1":1,"2":1,"3":1,"4":1,"5":1,"6":0,"7":1,"8":0,"9":0,"10":0,"11":1,"12":0,"13":0,"14":0,"15":1,"16":0,"17":0,"18":0,"19":1,"20":0},"b":{"1":[0,0,0],"2":[0,0],"3":[0,0],"4":[0,0],"5":[0,0]},"f":{"1":0,"2":0,"3":0,"4":0,"5":0},"fnMap":{"1":{"name":"isLoop","line":15,"loc":{"start":{"line":15,"column":30},"end":{"line":15,"column":53}}},"2":{"name":"getEffect","line":22,"loc":{"start":{"line":22,"column":36},"end":{"line":22,"column":61}}},"3":{"name":"getModel","line":33,"loc":{"start":{"line":33,"column":34},"end":{"line":33,"column":58}}},"4":{"name":"loop","line":63,"loc":{"start":{"line":63,"column":26},"end":{"line":63,"column":55}}},"5":{"name":"liftState","line":74,"loc":{"start":{"line":74,"column":36},"end":{"line":74,"column":62}}}},"statementMap":{"1":{"start":{"line":3,"column":0},"end":{"line":5,"column":3}},"2":{"start":{"line":6,"column":0},"end":{"line":6,"column":101}},"3":{"start":{"line":8,"column":0},"end":{"line":8,"column":32}},"4":{"start":{"line":10,"column":0},"end":{"line":10,"column":36}},"5":{"start":{"line":15,"column":0},"end":{"line":17,"column":2}},"6":{"start":{"line":16,"column":2},"end":{"line":16,"column":88}},"7":{"start":{"line":22,"column":0},"end":{"line":28,"column":2}},"8":{"start":{"line":23,"column":2},"end":{"line":25,"column":3}},"9":{"start":{"line":24,"column":4},"end":{"line":24,"column":16}},"10":{"start":{"line":27,"column":2},"end":{"line":27,"column":17}},"11":{"start":{"line":33,"column":0},"end":{"line":39,"column":2}},"12":{"start":{"line":34,"column":2},"end":{"line":36,"column":3}},"13":{"start":{"line":35,"column":4},"end":{"line":35,"column":16}},"14":{"start":{"line":38,"column":2},"end":{"line":38,"column":17}},"15":{"start":{"line":63,"column":0},"end":{"line":69,"column":2}},"16":{"start":{"line":64,"column":2},"end":{"line":66,"column":3}},"17":{"start":{"line":65,"column":4},"end":{"line":65,"column":106}},"18":{"start":{"line":68,"column":2},"end":{"line":68,"column":25}},"19":{"start":{"line":74,"column":0},"end":{"line":76,"column":2}},"20":{"start":{"line":75,"column":2},"end":{"line":75,"column":67}}},"branchMap":{"1":{"line":16,"type":"binary-expr","locations":[{"start":{"line":16,"column":9},"end":{"line":16,"column":29}},{"start":{"line":16,"column":33},"end":{"line":16,"column":51}},{"start":{"line":16,"column":55},"end":{"line":16,"column":87}}]},"2":{"line":23,"type":"if","locations":[{"start":{"line":23,"column":2},"end":{"line":23,"column":2}},{"start":{"line":23,"column":2},"end":{"line":23,"column":2}}]},"3":{"line":34,"type":"if","locations":[{"start":{"line":34,"column":2},"end":{"line":34,"column":2}},{"start":{"line":34,"column":2},"end":{"line":34,"column":2}}]},"4":{"line":64,"type":"if","locations":[{"start":{"line":64,"column":2},"end":{"line":64,"column":2}},{"start":{"line":64,"column":2},"end":{"line":64,"column":2}}]},"5":{"line":75,"type":"cond-expr","locations":[{"start":{"line":75,"column":25},"end":{"line":75,"column":30}},{"start":{"line":75,"column":33},"end":{"line":75,"column":66}}]}},"code":["'use strict';","","Object.defineProperty(exports, \"__esModule\", {","  value: true","});","exports.liftState = exports.loop = exports.getModel = exports.getEffect = exports.isLoop = undefined;","","var _utils = require('./utils');","","var _effects = require('./effects');","","/**"," * Determines if the object is an array created via `loop()`."," */","var isLoop = exports.isLoop = function isLoop(array) {","  return Array.isArray(array) && array.length === 2 && (0, _effects.isEffect)(array[1]);","};","","/**"," * Returns the effect from the loop if it is a loop, otherwise null"," */","var getEffect = exports.getEffect = function getEffect(loop) {","  if (!isLoop(loop)) {","    return null;","  }","","  return loop[1];","};","","/**"," * Returns the model from the loop if it is a loop, otherwise identity"," */","var getModel = exports.getModel = function getModel(loop) {","  if (!isLoop(loop)) {","    return loop;","  }","","  return loop[0];","};","","/**"," * Attaches an effect to the model."," *"," *   function reducerWithSingleEffect(state, action) {"," *     // ..."," *     return loop("," *       newState,"," *       fetchSomeStuff() // returns a promise"," *     );"," *   }"," *"," *   function reducerWithManyEffectsOneAsyncOneNot(state, action) {"," *     // ..."," *     return loop("," *       newState,"," *       Promise.all(["," *         fetchSomeStuff(),"," *         Promise.resolve(someActionCreator())"," *       ])"," *     );"," *   }"," */","var loop = exports.loop = function loop(model, effect) {","  if (process.env.NODE_ENV === 'development') {","    (0, _utils.throwInvariant)((0, _effects.isEffect)(effect), 'Given effect is not an effect instance.');","  }","","  return [model, effect];","};","","/**","* Lifts a state to a looped state if it is not already.","*/","var liftState = exports.liftState = function liftState(state) {","  return isLoop(state) ? state : loop(state, (0, _effects.none)());","};"],"l":{"3":1,"6":1,"8":1,"10":1,"15":1,"16":0,"22":1,"23":0,"24":0,"27":0,"33":1,"34":0,"35":0,"38":0,"63":1,"64":0,"65":0,"68":0,"74":1,"75":0}},"/home/travis/build/npmtest/node-npmtest-redux-loop/node_modules/redux-loop/lib/utils.js":{"path":"/home/travis/build/npmtest/node-npmtest-redux-loop/node_modules/redux-loop/lib/utils.js","s":{"1":1,"2":1,"3":1,"4":1,"5":1,"6":1,"7":0,"8":1,"9":0,"10":0,"11":1,"12":0,"13":0,"14":0},"b":{"1":[0,0]},"f":{"1":0,"2":0,"3":0,"4":0},"fnMap":{"1":{"name":"flatten","line":14,"loc":{"start":{"line":14,"column":0},"end":{"line":14,"column":24}}},"2":{"name":"throwInvariant","line":23,"loc":{"start":{"line":23,"column":0},"end":{"line":23,"column":44}}},"3":{"name":"mapValues","line":36,"loc":{"start":{"line":36,"column":0},"end":{"line":36,"column":35}}},"4":{"name":"(anonymous_4)","line":37,"loc":{"start":{"line":37,"column":36},"end":{"line":37,"column":60}}}},"statementMap":{"1":{"start":{"line":3,"column":0},"end":{"line":5,"column":3}},"2":{"start":{"line":6,"column":0},"end":{"line":6,"column":26}},"3":{"start":{"line":7,"column":0},"end":{"line":7,"column":40}},"4":{"start":{"line":8,"column":0},"end":{"line":8,"column":30}},"5":{"start":{"line":9,"column":0},"end":{"line":9,"column":36}},"6":{"start":{"line":14,"column":0},"end":{"line":16,"column":1}},"7":{"start":{"line":15,"column":2},"end":{"line":15,"column":33}},"8":{"start":{"line":23,"column":0},"end":{"line":27,"column":1}},"9":{"start":{"line":24,"column":2},"end":{"line":26,"column":3}},"10":{"start":{"line":25,"column":4},"end":{"line":25,"column":25}},"11":{"start":{"line":36,"column":0},"end":{"line":41,"column":1}},"12":{"start":{"line":37,"column":2},"end":{"line":40,"column":9}},"13":{"start":{"line":38,"column":4},"end":{"line":38,"column":44}},"14":{"start":{"line":39,"column":4},"end":{"line":39,"column":19}}},"branchMap":{"1":{"line":24,"type":"if","locations":[{"start":{"line":24,"column":2},"end":{"line":24,"column":2}},{"start":{"line":24,"column":2},"end":{"line":24,"column":2}}]}},"code":["\"use strict\";","","Object.defineProperty(exports, \"__esModule\", {","  value: true","});","exports.flatten = flatten;","exports.throwInvariant = throwInvariant;","exports.mapValues = mapValues;","var concat = Array.prototype.concat;","","/**"," * Flattens an array one level"," */","function flatten(array) {","  return concat.apply([], array);","}","","/**"," * Throws with message if condition is false."," * @param {Boolean} condition The condition to assert."," * @param {String} message The message of the error to throw."," */","function throwInvariant(condition, message) {","  if (!condition) {","    throw Error(message);","  }","}","","/**"," * Maps over each value in an object and creates a new object with the mapped"," * values assigned to each key."," * @param {Object} object The source object."," * @param {Function} mapper The mapper function that receives the value and the key."," * @returns {Object} A new object that contains the mapped values for the keys."," */","function mapValues(object, mapper) {","  return Object.keys(object).reduce(function (current, key) {","    current[key] = mapper(object[key], key);","    return current;","  }, {});","}"],"l":{"3":1,"6":1,"7":1,"8":1,"9":1,"14":1,"15":0,"23":1,"24":0,"25":0,"36":1,"37":0,"38":0,"39":0}},"/home/travis/build/npmtest/node-npmtest-redux-loop/node_modules/redux-loop/lib/effects.js":{"path":"/home/travis/build/npmtest/node-npmtest-redux-loop/node_modules/redux-loop/lib/effects.js","s":{"1":1,"2":1,"3":1,"4":1,"5":1,"6":1,"7":1,"8":1,"9":1,"10":1,"11":1,"12":1,"13":0,"14":0,"15":0,"16":0,"17":1,"18":0,"19":0,"20":0,"21":0,"22":0,"23":1,"24":1,"25":1,"26":0,"27":0,"28":0,"29":0,"30":0,"31":0,"32":0,"33":0,"34":0,"35":0,"36":0,"37":0,"38":1,"39":0,"40":1,"41":0,"42":1,"43":0,"44":1,"45":0,"46":0,"47":0,"48":1,"49":0,"50":0,"51":0,"52":1,"53":0,"54":1,"55":0,"56":1,"57":0,"58":0,"59":0},"b":{"1":[0,0],"2":[0,0],"3":[0,0],"4":[0,0,0,0,0,0],"5":[0,0],"6":[0,0]},"f":{"1":0,"2":0,"3":0,"4":0,"5":0,"6":0,"7":0,"8":0,"9":0,"10":0,"11":0,"12":0,"13":0,"14":0},"fnMap":{"1":{"name":"_defineProperty","line":18,"loc":{"start":{"line":18,"column":0},"end":{"line":18,"column":42}}},"2":{"name":"_toConsumableArray","line":20,"loc":{"start":{"line":20,"column":0},"end":{"line":20,"column":33}}},"3":{"name":"effectToPromise","line":38,"loc":{"start":{"line":38,"column":0},"end":{"line":38,"column":33}}},"4":{"name":"(anonymous_4)","line":45,"loc":{"start":{"line":45,"column":80},"end":{"line":45,"column":98}}},"5":{"name":"(anonymous_5)","line":57,"loc":{"start":{"line":57,"column":49},"end":{"line":57,"column":68}}},"6":{"name":"(anonymous_6)","line":58,"loc":{"start":{"line":58,"column":27},"end":{"line":58,"column":45}}},"7":{"name":"isEffect","line":70,"loc":{"start":{"line":70,"column":0},"end":{"line":70,"column":26}}},"8":{"name":"isNone","line":79,"loc":{"start":{"line":79,"column":0},"end":{"line":79,"column":24}}},"9":{"name":"none","line":87,"loc":{"start":{"line":87,"column":0},"end":{"line":87,"column":16}}},"10":{"name":"promise","line":98,"loc":{"start":{"line":98,"column":0},"end":{"line":98,"column":26}}},"11":{"name":"call","line":115,"loc":{"start":{"line":115,"column":0},"end":{"line":115,"column":23}}},"12":{"name":"batch","line":130,"loc":{"start":{"line":130,"column":0},"end":{"line":130,"column":24}}},"13":{"name":"constant","line":140,"loc":{"start":{"line":140,"column":0},"end":{"line":140,"column":26}}},"14":{"name":"lift","line":150,"loc":{"start":{"line":150,"column":0},"end":{"line":150,"column":31}}}},"statementMap":{"1":{"start":{"line":3,"column":0},"end":{"line":5,"column":3}},"2":{"start":{"line":6,"column":0},"end":{"line":6,"column":42}},"3":{"start":{"line":7,"column":0},"end":{"line":7,"column":28}},"4":{"start":{"line":8,"column":0},"end":{"line":8,"column":24}},"5":{"start":{"line":9,"column":0},"end":{"line":9,"column":20}},"6":{"start":{"line":10,"column":0},"end":{"line":10,"column":26}},"7":{"start":{"line":11,"column":0},"end":{"line":11,"column":20}},"8":{"start":{"line":12,"column":0},"end":{"line":12,"column":22}},"9":{"start":{"line":13,"column":0},"end":{"line":13,"column":28}},"10":{"start":{"line":14,"column":0},"end":{"line":14,"column":20}},"11":{"start":{"line":16,"column":0},"end":{"line":16,"column":32}},"12":{"start":{"line":18,"column":0},"end":{"line":18,"column":209}},"13":{"start":{"line":18,"column":44},"end":{"line":18,"column":195}},"14":{"start":{"line":18,"column":62},"end":{"line":18,"column":166}},"15":{"start":{"line":18,"column":176},"end":{"line":18,"column":193}},"16":{"start":{"line":18,"column":196},"end":{"line":18,"column":207}},"17":{"start":{"line":20,"column":0},"end":{"line":20,"column":195}},"18":{"start":{"line":20,"column":35},"end":{"line":20,"column":193}},"19":{"start":{"line":20,"column":61},"end":{"line":20,"column":145}},"20":{"start":{"line":20,"column":126},"end":{"line":20,"column":143}},"21":{"start":{"line":20,"column":146},"end":{"line":20,"column":158}},"22":{"start":{"line":20,"column":168},"end":{"line":20,"column":191}},"23":{"start":{"line":22,"column":0},"end":{"line":22,"column":40}},"24":{"start":{"line":24,"column":0},"end":{"line":31,"column":2}},"25":{"start":{"line":38,"column":0},"end":{"line":63,"column":1}},"26":{"start":{"line":39,"column":2},"end":{"line":41,"column":3}},"27":{"start":{"line":40,"column":4},"end":{"line":40,"column":92}},"28":{"start":{"line":43,"column":2},"end":{"line":62,"column":3}},"29":{"start":{"line":45,"column":6},"end":{"line":47,"column":9}},"30":{"start":{"line":46,"column":8},"end":{"line":46,"column":24}},"31":{"start":{"line":49,"column":6},"end":{"line":49,"column":94}},"32":{"start":{"line":51,"column":6},"end":{"line":51,"column":83}},"33":{"start":{"line":53,"column":6},"end":{"line":53,"column":46}},"34":{"start":{"line":55,"column":6},"end":{"line":55,"column":33}},"35":{"start":{"line":57,"column":6},"end":{"line":61,"column":9}},"36":{"start":{"line":58,"column":8},"end":{"line":60,"column":11}},"37":{"start":{"line":59,"column":10},"end":{"line":59,"column":96}},"38":{"start":{"line":70,"column":0},"end":{"line":72,"column":1}},"39":{"start":{"line":71,"column":2},"end":{"line":71,"column":49}},"40":{"start":{"line":79,"column":0},"end":{"line":81,"column":1}},"41":{"start":{"line":80,"column":2},"end":{"line":80,"column":59}},"42":{"start":{"line":87,"column":0},"end":{"line":91,"column":1}},"43":{"start":{"line":88,"column":2},"end":{"line":90,"column":27}},"44":{"start":{"line":98,"column":0},"end":{"line":108,"column":1}},"45":{"start":{"line":99,"column":2},"end":{"line":101,"column":3}},"46":{"start":{"line":100,"column":4},"end":{"line":100,"column":37}},"47":{"start":{"line":103,"column":2},"end":{"line":107,"column":27}},"48":{"start":{"line":115,"column":0},"end":{"line":125,"column":1}},"49":{"start":{"line":116,"column":2},"end":{"line":118,"column":3}},"50":{"start":{"line":117,"column":4},"end":{"line":117,"column":39}},"51":{"start":{"line":120,"column":2},"end":{"line":124,"column":27}},"52":{"start":{"line":130,"column":0},"end":{"line":135,"column":1}},"53":{"start":{"line":131,"column":2},"end":{"line":134,"column":27}},"54":{"start":{"line":140,"column":0},"end":{"line":145,"column":1}},"55":{"start":{"line":141,"column":2},"end":{"line":144,"column":27}},"56":{"start":{"line":150,"column":0},"end":{"line":161,"column":1}},"57":{"start":{"line":151,"column":2},"end":{"line":153,"column":3}},"58":{"start":{"line":152,"column":4},"end":{"line":152,"column":39}},"59":{"start":{"line":155,"column":2},"end":{"line":160,"column":27}}},"branchMap":{"1":{"line":18,"type":"if","locations":[{"start":{"line":18,"column":44},"end":{"line":18,"column":44}},{"start":{"line":18,"column":44},"end":{"line":18,"column":44}}]},"2":{"line":20,"type":"if","locations":[{"start":{"line":20,"column":35},"end":{"line":20,"column":35}},{"start":{"line":20,"column":35},"end":{"line":20,"column":35}}]},"3":{"line":39,"type":"if","locations":[{"start":{"line":39,"column":2},"end":{"line":39,"column":2}},{"start":{"line":39,"column":2},"end":{"line":39,"column":2}}]},"4":{"line":43,"type":"switch","locations":[{"start":{"line":44,"column":4},"end":{"line":47,"column":9}},{"start":{"line":48,"column":4},"end":{"line":49,"column":94}},{"start":{"line":50,"column":4},"end":{"line":51,"column":83}},{"start":{"line":52,"column":4},"end":{"line":53,"column":46}},{"start":{"line":54,"column":4},"end":{"line":55,"column":33}},{"start":{"line":56,"column":4},"end":{"line":61,"column":9}}]},"5":{"line":71,"type":"cond-expr","locations":[{"start":{"line":71,"column":18},"end":{"line":71,"column":40}},{"start":{"line":71,"column":43},"end":{"line":71,"column":48}}]},"6":{"line":80,"type":"cond-expr","locations":[{"start":{"line":80,"column":18},"end":{"line":80,"column":50}},{"start":{"line":80,"column":53},"end":{"line":80,"column":58}}]}},"code":["'use strict';","","Object.defineProperty(exports, \"__esModule\", {","  value: true","});","exports.effectToPromise = effectToPromise;","exports.isEffect = isEffect;","exports.isNone = isNone;","exports.none = none;","exports.promise = promise;","exports.call = call;","exports.batch = batch;","exports.constant = constant;","exports.lift = lift;","","var _utils = require('./utils');","","function _defineProperty(obj, key, value) { if (key in obj) { Object.defineProperty(obj, key, { value: value, enumerable: true, configurable: true, writable: true }); } else { obj[key] = value; } return obj; }","","function _toConsumableArray(arr) { if (Array.isArray(arr)) { for (var i = 0, arr2 = Array(arr.length); i < arr.length; i++) { arr2[i] = arr[i]; } return arr2; } else { return Array.from(arr); } }","","var isEffectSymbol = Symbol('isEffect');","","var effectTypes = {","  PROMISE: 'PROMISE',","  CALL: 'CALL',","  BATCH: 'BATCH',","  CONSTANT: 'CONSTANT',","  NONE: 'NONE',","  LIFT: 'LIFT'","};","","/**","* Runs an effect and returns the Promise for its completion.","* @param {Object} effect The effect to convert to a Promise.","* @returns {Promise} The converted effect Promise.","*/","function effectToPromise(effect) {","  if (process.env.NODE_ENV === 'development') {","    (0, _utils.throwInvariant)(isEffect(effect), 'Given effect is not an effect instance.');","  }","","  switch (effect.type) {","    case effectTypes.PROMISE:","      return effect.factory.apply(effect, _toConsumableArray(effect.args)).then(function (action) {","        return [action];","      });","    case effectTypes.CALL:","      return Promise.resolve([effect.factory.apply(effect, _toConsumableArray(effect.args))]);","    case effectTypes.BATCH:","      return Promise.all(effect.effects.map(effectToPromise)).then(_utils.flatten);","    case effectTypes.CONSTANT:","      return Promise.resolve([effect.action]);","    case effectTypes.NONE:","      return Promise.resolve([]);","    case effectTypes.LIFT:","      return effectToPromise(effect.effect).then(function (actions) {","        return actions.map(function (action) {","          return effect.factory.apply(effect, _toConsumableArray(effect.args).concat([action]));","        });","      });","  }","}","","/**"," * Determines if the object was created with an effect creator."," * @param {Object} object The object to inspect."," * @returns {Boolean} Whether the object is an effect."," */","function isEffect(object) {","  return object ? object[isEffectSymbol] : false;","}","","/**"," * Determines id the effect object is of type none"," * @param {Object} The object to inspect."," * @returns {Boolean} Whether the object is a none effect."," */","function isNone(object) {","  return object ? object.type === effectTypes.NONE : false;","}","","/**"," * Creates a noop effect."," * @returns {Object} An effect of type NONE, essentially a no-op."," */","function none() {","  return _defineProperty({","    type: effectTypes.NONE","  }, isEffectSymbol, true);","}","","/**"," * Creates an effect for a function that returns a Promise."," * @param {Function} factory The function to invoke with the given args that returns a Promise for an action."," * @returns {Object} The wrapped effect of type PROMISE."," */","function promise(factory) {","  for (var _len = arguments.length, args = Array(_len > 1 ? _len - 1 : 0), _key = 1; _key < _len; _key++) {","    args[_key - 1] = arguments[_key];","  }","","  return _defineProperty({","    factory: factory,","    args: args,","    type: effectTypes.PROMISE","  }, isEffectSymbol, true);","}","","/**"," * Creates an effect for a function that returns an action."," * @param {Function} factory The function to invoke with the given args that returns an action."," * @returns {Object} The wrapped effect of type CALL."," */","function call(factory) {","  for (var _len2 = arguments.length, args = Array(_len2 > 1 ? _len2 - 1 : 0), _key2 = 1; _key2 < _len2; _key2++) {","    args[_key2 - 1] = arguments[_key2];","  }","","  return _defineProperty({","    factory: factory,","    args: args,","    type: effectTypes.CALL","  }, isEffectSymbol, true);","}","","/**"," * Composes an array of effects together."," */","function batch(effects) {","  return _defineProperty({","    effects: effects,","    type: effectTypes.BATCH","  }, isEffectSymbol, true);","}","","/**"," * Creates an effect for an already-available action."," */","function constant(action) {","  return _defineProperty({","    action: action,","    type: effectTypes.CONSTANT","  }, isEffectSymbol, true);","}","","/**"," * Transform the return type of a bunch of `Effects`. This is primarily useful for adding tags to route `Actions` to the right place"," */","function lift(effect, factory) {","  for (var _len3 = arguments.length, args = Array(_len3 > 2 ? _len3 - 2 : 0), _key3 = 2; _key3 < _len3; _key3++) {","    args[_key3 - 2] = arguments[_key3];","  }","","  return _defineProperty({","    effect: effect,","    factory: factory,","    args: args,","    type: effectTypes.LIFT","  }, isEffectSymbol, true);","}"],"l":{"3":1,"6":1,"7":1,"8":1,"9":1,"10":1,"11":1,"12":1,"13":1,"14":1,"16":1,"18":1,"20":1,"22":1,"24":1,"38":1,"39":0,"40":0,"43":0,"45":0,"46":0,"49":0,"51":0,"53":0,"55":0,"57":0,"58":0,"59":0,"70":1,"71":0,"79":1,"80":0,"87":1,"88":0,"98":1,"99":0,"100":0,"103":0,"115":1,"116":0,"117":0,"120":0,"130":1,"131":0,"140":1,"141":0,"150":1,"151":0,"152":0,"155":0}},"/home/travis/build/npmtest/node-npmtest-redux-loop/node_modules/redux-loop/lib/install.js":{"path":"/home/travis/build/npmtest/node-npmtest-redux-loop/node_modules/redux-loop/lib/install.js","s":{"1":1,"2":1,"3":0,"4":0,"5":0,"6":0,"7":0,"8":0,"9":1,"10":1,"11":0,"12":0,"13":0,"14":0,"15":0,"16":0,"17":0,"18":0,"19":0,"20":0,"21":0,"22":0,"23":0,"24":0,"25":0,"26":0,"27":0,"28":1,"29":0,"30":0,"31":0,"32":0,"33":0,"34":1,"35":1,"36":1,"37":1,"38":1,"39":1,"40":0,"41":0,"42":0,"43":0,"44":0,"45":0,"46":0,"47":0,"48":0,"49":0,"50":0,"51":0,"52":0,"53":0,"54":0,"55":0,"56":0,"57":0,"58":0,"59":0,"60":0,"61":0,"62":0,"63":0,"64":0,"65":0,"66":0,"67":0,"68":0,"69":0,"70":0,"71":0,"72":0},"b":{"1":[1,0],"2":[0,0],"3":[0,0],"4":[0,0],"5":[0,0],"6":[0,0],"7":[0,0],"8":[0,0],"9":[0,0],"10":[0,0]},"f":{"1":0,"2":1,"3":0,"4":0,"5":0,"6":0,"7":0,"8":0,"9":0,"10":0,"11":0,"12":0,"13":0,"14":0},"fnMap":{"1":{"name":"(anonymous_1)","line":7,"loc":{"start":{"line":7,"column":32},"end":{"line":7,"column":50}}},"2":{"name":"(anonymous_2)","line":9,"loc":{"start":{"line":9,"column":21},"end":{"line":9,"column":33}}},"3":{"name":"sliceIterator","line":9,"loc":{"start":{"line":9,"column":35},"end":{"line":9,"column":66}}},"4":{"name":"(anonymous_4)","line":9,"loc":{"start":{"line":9,"column":436},"end":{"line":9,"column":454}}},"5":{"name":"install","line":25,"loc":{"start":{"line":25,"column":0},"end":{"line":25,"column":19}}},"6":{"name":"(anonymous_6)","line":26,"loc":{"start":{"line":26,"column":9},"end":{"line":26,"column":25}}},"7":{"name":"(anonymous_7)","line":27,"loc":{"start":{"line":27,"column":11},"end":{"line":27,"column":54}}},"8":{"name":"liftReducer","line":38,"loc":{"start":{"line":38,"column":24},"end":{"line":38,"column":54}}},"9":{"name":"(anonymous_9)","line":39,"loc":{"start":{"line":39,"column":15},"end":{"line":39,"column":40}}},"10":{"name":"runEffect","line":60,"loc":{"start":{"line":60,"column":22},"end":{"line":60,"column":65}}},"11":{"name":"(anonymous_11)","line":61,"loc":{"start":{"line":61,"column":58},"end":{"line":61,"column":77}}},"12":{"name":"(anonymous_12)","line":63,"loc":{"start":{"line":63,"column":20},"end":{"line":63,"column":37}}},"13":{"name":"dispatch","line":69,"loc":{"start":{"line":69,"column":21},"end":{"line":69,"column":47}}},"14":{"name":"replaceReducer","line":76,"loc":{"start":{"line":76,"column":27},"end":{"line":76,"column":60}}}},"statementMap":{"1":{"start":{"line":3,"column":0},"end":{"line":5,"column":3}},"2":{"start":{"line":7,"column":0},"end":{"line":7,"column":257}},"3":{"start":{"line":7,"column":52},"end":{"line":7,"column":239}},"4":{"start":{"line":7,"column":97},"end":{"line":7,"column":123}},"5":{"start":{"line":7,"column":124},"end":{"line":7,"column":237}},"6":{"start":{"line":7,"column":150},"end":{"line":7,"column":235}},"7":{"start":{"line":7,"column":207},"end":{"line":7,"column":233}},"8":{"start":{"line":7,"column":240},"end":{"line":7,"column":254}},"9":{"start":{"line":9,"column":0},"end":{"line":9,"column":664}},"10":{"start":{"line":9,"column":35},"end":{"line":9,"column":428}},"11":{"start":{"line":9,"column":68},"end":{"line":9,"column":82}},"12":{"start":{"line":9,"column":83},"end":{"line":9,"column":97}},"13":{"start":{"line":9,"column":98},"end":{"line":9,"column":113}},"14":{"start":{"line":9,"column":114},"end":{"line":9,"column":133}},"15":{"start":{"line":9,"column":134},"end":{"line":9,"column":413}},"16":{"start":{"line":9,"column":140},"end":{"line":9,"column":283}},"17":{"start":{"line":9,"column":226},"end":{"line":9,"column":246}},"18":{"start":{"line":9,"column":247},"end":{"line":9,"column":281}},"19":{"start":{"line":9,"column":275},"end":{"line":9,"column":281}},"20":{"start":{"line":9,"column":300},"end":{"line":9,"column":310}},"21":{"start":{"line":9,"column":311},"end":{"line":9,"column":320}},"22":{"start":{"line":9,"column":333},"end":{"line":9,"column":411}},"23":{"start":{"line":9,"column":339},"end":{"line":9,"column":379}},"24":{"start":{"line":9,"column":364},"end":{"line":9,"column":379}},"25":{"start":{"line":9,"column":392},"end":{"line":9,"column":409}},"26":{"start":{"line":9,"column":400},"end":{"line":9,"column":409}},"27":{"start":{"line":9,"column":414},"end":{"line":9,"column":426}},"28":{"start":{"line":9,"column":429},"end":{"line":9,"column":659}},"29":{"start":{"line":9,"column":456},"end":{"line":9,"column":656}},"30":{"start":{"line":9,"column":482},"end":{"line":9,"column":493}},"31":{"start":{"line":9,"column":501},"end":{"line":9,"column":656}},"32":{"start":{"line":9,"column":539},"end":{"line":9,"column":568}},"33":{"start":{"line":9,"column":578},"end":{"line":9,"column":654}},"34":{"start":{"line":11,"column":0},"end":{"line":11,"column":26}},"35":{"start":{"line":13,"column":0},"end":{"line":13,"column":32}},"36":{"start":{"line":15,"column":0},"end":{"line":15,"column":34}},"37":{"start":{"line":17,"column":0},"end":{"line":17,"column":30}},"38":{"start":{"line":19,"column":0},"end":{"line":19,"column":36}},"39":{"start":{"line":25,"column":0},"end":{"line":88,"column":1}},"40":{"start":{"line":26,"column":2},"end":{"line":87,"column":4}},"41":{"start":{"line":27,"column":4},"end":{"line":86,"column":6}},"42":{"start":{"line":28,"column":6},"end":{"line":28,"column":47}},"43":{"start":{"line":30,"column":6},"end":{"line":30,"column":58}},"44":{"start":{"line":32,"column":6},"end":{"line":32,"column":54}},"45":{"start":{"line":34,"column":6},"end":{"line":34,"column":40}},"46":{"start":{"line":35,"column":6},"end":{"line":35,"column":41}},"47":{"start":{"line":38,"column":6},"end":{"line":56,"column":8}},"48":{"start":{"line":39,"column":8},"end":{"line":55,"column":10}},"49":{"start":{"line":40,"column":10},"end":{"line":40,"column":46}},"50":{"start":{"line":42,"column":10},"end":{"line":42,"column":57}},"51":{"start":{"line":44,"column":10},"end":{"line":44,"column":59}},"52":{"start":{"line":46,"column":10},"end":{"line":46,"column":37}},"53":{"start":{"line":47,"column":10},"end":{"line":47,"column":38}},"54":{"start":{"line":49,"column":10},"end":{"line":53,"column":11}},"55":{"start":{"line":50,"column":12},"end":{"line":50,"column":35}},"56":{"start":{"line":52,"column":12},"end":{"line":52,"column":73}},"57":{"start":{"line":54,"column":10},"end":{"line":54,"column":23}},"58":{"start":{"line":58,"column":6},"end":{"line":58,"column":69}},"59":{"start":{"line":60,"column":6},"end":{"line":67,"column":8}},"60":{"start":{"line":61,"column":8},"end":{"line":66,"column":11}},"61":{"start":{"line":62,"column":10},"end":{"line":62,"column":52}},"62":{"start":{"line":64,"column":10},"end":{"line":64,"column":82}},"63":{"start":{"line":65,"column":10},"end":{"line":65,"column":22}},"64":{"start":{"line":69,"column":6},"end":{"line":74,"column":8}},"65":{"start":{"line":70,"column":8},"end":{"line":70,"column":31}},"66":{"start":{"line":71,"column":8},"end":{"line":71,"column":40}},"67":{"start":{"line":72,"column":8},"end":{"line":72,"column":45}},"68":{"start":{"line":73,"column":8},"end":{"line":73,"column":46}},"69":{"start":{"line":76,"column":6},"end":{"line":78,"column":8}},"70":{"start":{"line":77,"column":8},"end":{"line":77,"column":58}},"71":{"start":{"line":80,"column":6},"end":{"line":80,"column":61}},"72":{"start":{"line":82,"column":6},"end":{"line":85,"column":9}}},"branchMap":{"1":{"line":7,"type":"binary-expr","locations":[{"start":{"line":7,"column":15},"end":{"line":7,"column":28}},{"start":{"line":7,"column":32},"end":{"line":7,"column":256}}]},"2":{"line":7,"type":"if","locations":[{"start":{"line":7,"column":150},"end":{"line":7,"column":150}},{"start":{"line":7,"column":150},"end":{"line":7,"column":150}}]},"3":{"line":9,"type":"if","locations":[{"start":{"line":9,"column":247},"end":{"line":9,"column":247}},{"start":{"line":9,"column":247},"end":{"line":9,"column":247}}]},"4":{"line":9,"type":"binary-expr","locations":[{"start":{"line":9,"column":251},"end":{"line":9,"column":252}},{"start":{"line":9,"column":256},"end":{"line":9,"column":273}}]},"5":{"line":9,"type":"if","locations":[{"start":{"line":9,"column":339},"end":{"line":9,"column":339}},{"start":{"line":9,"column":339},"end":{"line":9,"column":339}}]},"6":{"line":9,"type":"binary-expr","locations":[{"start":{"line":9,"column":343},"end":{"line":9,"column":346}},{"start":{"line":9,"column":350},"end":{"line":9,"column":362}}]},"7":{"line":9,"type":"if","locations":[{"start":{"line":9,"column":392},"end":{"line":9,"column":392}},{"start":{"line":9,"column":392},"end":{"line":9,"column":392}}]},"8":{"line":9,"type":"if","locations":[{"start":{"line":9,"column":456},"end":{"line":9,"column":456}},{"start":{"line":9,"column":456},"end":{"line":9,"column":456}}]},"9":{"line":9,"type":"if","locations":[{"start":{"line":9,"column":501},"end":{"line":9,"column":501}},{"start":{"line":9,"column":501},"end":{"line":9,"column":501}}]},"10":{"line":49,"type":"if","locations":[{"start":{"line":49,"column":10},"end":{"line":49,"column":10}},{"start":{"line":49,"column":10},"end":{"line":49,"column":10}}]}},"code":["'use strict';","","Object.defineProperty(exports, \"__esModule\", {","  value: true","});","","var _extends = Object.assign || function (target) { for (var i = 1; i < arguments.length; i++) { var source = arguments[i]; for (var key in source) { if (Object.prototype.hasOwnProperty.call(source, key)) { target[key] = source[key]; } } } return target; };","","var _slicedToArray = function () { function sliceIterator(arr, i) { var _arr = []; var _n = true; var _d = false; var _e = undefined; try { for (var _i = arr[Symbol.iterator](), _s; !(_n = (_s = _i.next()).done); _n = true) { _arr.push(_s.value); if (i && _arr.length === i) break; } } catch (err) { _d = true; _e = err; } finally { try { if (!_n && _i[\"return\"]) _i[\"return\"](); } finally { if (_d) throw _e; } } return _arr; } return function (arr, i) { if (Array.isArray(arr)) { return arr; } else if (Symbol.iterator in Object(arr)) { return sliceIterator(arr, i); } else { throw new TypeError(\"Invalid attempt to destructure non-iterable instance\"); } }; }();","","exports.install = install;","","var _utils = require('./utils');","","var _errors = require('./errors');","","var _loop = require('./loop');","","var _effects = require('./effects');","","/**"," * Installs a new dispatch function which will attempt to execute any effects"," * attached to the current model as established by the original dispatch."," */","function install() {","  return function (next) {","    return function (reducer, initialState, enhancer) {","      var currentEffect = (0, _effects.none)();","","      var _liftState = (0, _loop.liftState)(initialState);","","      var _liftState2 = _slicedToArray(_liftState, 2);","","      var initialModel = _liftState2[0];","      var initialEffect = _liftState2[1];","","","      var liftReducer = function liftReducer(reducer) {","        return function (state, action) {","          var result = reducer(state, action);","","          var _liftState3 = (0, _loop.liftState)(result);","","          var _liftState4 = _slicedToArray(_liftState3, 2);","","          var model = _liftState4[0];","          var effect = _liftState4[1];","","          if ((0, _effects.isNone)(currentEffect)) {","            currentEffect = effect;","          } else {","            currentEffect = (0, _effects.batch)([currentEffect, effect]);","          }","          return model;","        };","      };","","      var store = next(liftReducer(reducer), initialModel, enhancer);","","      var runEffect = function runEffect(originalAction, effect) {","        return (0, _effects.effectToPromise)(effect).then(function (actions) {","          return Promise.all(actions.map(dispatch));","        })['catch'](function (error) {","          console.error((0, _errors.loopPromiseCaughtError)(originalAction.type));","          throw error;","        });","      };","","      var dispatch = function dispatch(action) {","        store.dispatch(action);","        var effectToRun = currentEffect;","        currentEffect = (0, _effects.none)();","        return runEffect(action, effectToRun);","      };","","      var replaceReducer = function replaceReducer(reducer) {","        return store.replaceReducer(liftReducer(reducer));","      };","","      runEffect({ type: '@@ReduxLoop/INIT' }, initialEffect);","","      return _extends({}, store, {","        dispatch: dispatch,","        replaceReducer: replaceReducer","      });","    };","  };","}"],"l":{"3":1,"7":1,"9":1,"11":1,"13":1,"15":1,"17":1,"19":1,"25":1,"26":0,"27":0,"28":0,"30":0,"32":0,"34":0,"35":0,"38":0,"39":0,"40":0,"42":0,"44":0,"46":0,"47":0,"49":0,"50":0,"52":0,"54":0,"58":0,"60":0,"61":0,"62":0,"64":0,"65":0,"69":0,"70":0,"71":0,"72":0,"73":0,"76":0,"77":0,"80":0,"82":0}},"/home/travis/build/npmtest/node-npmtest-redux-loop/node_modules/redux-loop/lib/errors.js":{"path":"/home/travis/build/npmtest/node-npmtest-redux-loop/node_modules/redux-loop/lib/errors.js","s":{"1":1,"2":1,"3":0},"b":{},"f":{"1":0},"fnMap":{"1":{"name":"loopPromiseCaughtError","line":6,"loc":{"start":{"line":6,"column":62},"end":{"line":6,"column":114}}}},"statementMap":{"1":{"start":{"line":3,"column":0},"end":{"line":5,"column":3}},"2":{"start":{"line":6,"column":0},"end":{"line":8,"column":2}},"3":{"start":{"line":7,"column":2},"end":{"line":7,"column":892}}},"branchMap":{},"code":["\"use strict\";","","Object.defineProperty(exports, \"__esModule\", {","  value: true","});","var loopPromiseCaughtError = exports.loopPromiseCaughtError = function loopPromiseCaughtError(originalActionType) {","  return \"\\nloop Promise caught when returned from action of type \" + originalActionType + \".\\nloop Promises must not throw!\\n\\nDid you forget to do one of the following?\\n\\n- Call `.catch` on a Promise in a function passed to `Effects.promise`\\n\\n  const asyncEffect = (val) => {\\n    return api.doStuff(val)\\n      .then((stuff) => Actions.success(stuff))\\n      .catch((error) => Actions.failure(error)); // <-- You have to do this!\\n  };\\n\\n- Return an action from a `.catch` callback\\n\\n  const asyncEffect = (val) => {\\n    return api.doStuff(val)\\n      .then((stuff) => {\\n        return Actions.success(stuff); // <-- Make sure to return here!\\n      })\\n      .catch((error) => {\\n        return Actions.failure(error): // <-- And return here!\\n      });\\n  };\\n\\nDon't see the problem here? Please report the issue at <https://github.com/raisemarketplace/redux-loop/issues/new>\\n\";","};"],"l":{"3":1,"6":1,"7":0}},"/home/travis/build/npmtest/node-npmtest-redux-loop/node_modules/redux-loop/lib/combineReducers.js":{"path":"/home/travis/build/npmtest/node-npmtest-redux-loop/node_modules/redux-loop/lib/combineReducers.js","s":{"1":1,"2":1,"3":0,"4":0,"5":0,"6":0,"7":0,"8":0,"9":1,"10":1,"11":1,"12":1,"13":0,"14":0,"15":0,"16":0,"17":1,"18":0,"19":0,"20":0,"21":0,"22":1,"23":0,"24":1,"25":0,"26":1,"27":0,"28":0,"29":0,"30":0,"31":0,"32":0,"33":0,"34":0,"35":0,"36":0,"37":0,"38":0,"39":0,"40":0,"41":0,"42":0,"43":0,"44":0},"b":{"1":[1,0],"2":[0,0],"3":[0,0],"4":[0,0,0],"5":[0,0],"6":[0,0],"7":[0,0],"8":[0,0],"9":[0,0],"10":[0,0],"11":[0,0],"12":[0,0],"13":[0,0],"14":[0,0],"15":[0,0]},"f":{"1":0,"2":0,"3":0,"4":0,"5":0,"6":0,"7":0,"8":0},"fnMap":{"1":{"name":"(anonymous_1)","line":7,"loc":{"start":{"line":7,"column":32},"end":{"line":7,"column":50}}},"2":{"name":"_defineProperty","line":15,"loc":{"start":{"line":15,"column":0},"end":{"line":15,"column":42}}},"3":{"name":"optimizeBatch","line":17,"loc":{"start":{"line":17,"column":0},"end":{"line":17,"column":32}}},"4":{"name":"defaultAccessor","line":28,"loc":{"start":{"line":28,"column":22},"end":{"line":28,"column":59}}},"5":{"name":"defaultMutator","line":32,"loc":{"start":{"line":32,"column":21},"end":{"line":32,"column":64}}},"6":{"name":"combineReducers","line":36,"loc":{"start":{"line":36,"column":0},"end":{"line":36,"column":37}}},"7":{"name":"finalReducer","line":41,"loc":{"start":{"line":41,"column":9},"end":{"line":41,"column":33}}},"8":{"name":"(anonymous_8)","line":48,"loc":{"start":{"line":48,"column":47},"end":{"line":48,"column":69}}}},"statementMap":{"1":{"start":{"line":3,"column":0},"end":{"line":5,"column":3}},"2":{"start":{"line":7,"column":0},"end":{"line":7,"column":257}},"3":{"start":{"line":7,"column":52},"end":{"line":7,"column":239}},"4":{"start":{"line":7,"column":97},"end":{"line":7,"column":123}},"5":{"start":{"line":7,"column":124},"end":{"line":7,"column":237}},"6":{"start":{"line":7,"column":150},"end":{"line":7,"column":235}},"7":{"start":{"line":7,"column":207},"end":{"line":7,"column":233}},"8":{"start":{"line":7,"column":240},"end":{"line":7,"column":254}},"9":{"start":{"line":9,"column":0},"end":{"line":9,"column":42}},"10":{"start":{"line":11,"column":0},"end":{"line":11,"column":30}},"11":{"start":{"line":13,"column":0},"end":{"line":13,"column":36}},"12":{"start":{"line":15,"column":0},"end":{"line":15,"column":209}},"13":{"start":{"line":15,"column":44},"end":{"line":15,"column":195}},"14":{"start":{"line":15,"column":62},"end":{"line":15,"column":166}},"15":{"start":{"line":15,"column":176},"end":{"line":15,"column":193}},"16":{"start":{"line":15,"column":196},"end":{"line":15,"column":207}},"17":{"start":{"line":17,"column":0},"end":{"line":26,"column":1}},"18":{"start":{"line":18,"column":2},"end":{"line":25,"column":3}},"19":{"start":{"line":20,"column":6},"end":{"line":20,"column":34}},"20":{"start":{"line":22,"column":6},"end":{"line":22,"column":24}},"21":{"start":{"line":24,"column":6},"end":{"line":24,"column":42}},"22":{"start":{"line":28,"column":0},"end":{"line":30,"column":2}},"23":{"start":{"line":29,"column":2},"end":{"line":29,"column":20}},"24":{"start":{"line":32,"column":0},"end":{"line":34,"column":2}},"25":{"start":{"line":33,"column":2},"end":{"line":33,"column":62}},"26":{"start":{"line":36,"column":0},"end":{"line":64,"column":1}},"27":{"start":{"line":37,"column":2},"end":{"line":37,"column":90}},"28":{"start":{"line":38,"column":2},"end":{"line":38,"column":102}},"29":{"start":{"line":39,"column":2},"end":{"line":39,"column":100}},"30":{"start":{"line":41,"column":2},"end":{"line":63,"column":4}},"31":{"start":{"line":42,"column":4},"end":{"line":42,"column":95}},"32":{"start":{"line":43,"column":4},"end":{"line":43,"column":30}},"33":{"start":{"line":45,"column":4},"end":{"line":45,"column":27}},"34":{"start":{"line":46,"column":4},"end":{"line":46,"column":21}},"35":{"start":{"line":48,"column":4},"end":{"line":60,"column":18}},"36":{"start":{"line":49,"column":6},"end":{"line":49,"column":36}},"37":{"start":{"line":50,"column":6},"end":{"line":50,"column":53}},"38":{"start":{"line":51,"column":6},"end":{"line":51,"column":65}},"39":{"start":{"line":53,"column":6},"end":{"line":56,"column":7}},"40":{"start":{"line":54,"column":8},"end":{"line":54,"column":60}},"41":{"start":{"line":55,"column":8},"end":{"line":55,"column":63}},"42":{"start":{"line":58,"column":6},"end":{"line":58,"column":73}},"43":{"start":{"line":59,"column":6},"end":{"line":59,"column":50}},"44":{"start":{"line":62,"column":4},"end":{"line":62,"column":79}}},"branchMap":{"1":{"line":7,"type":"binary-expr","locations":[{"start":{"line":7,"column":15},"end":{"line":7,"column":28}},{"start":{"line":7,"column":32},"end":{"line":7,"column":256}}]},"2":{"line":7,"type":"if","locations":[{"start":{"line":7,"column":150},"end":{"line":7,"column":150}},{"start":{"line":7,"column":150},"end":{"line":7,"column":150}}]},"3":{"line":15,"type":"if","locations":[{"start":{"line":15,"column":44},"end":{"line":15,"column":44}},{"start":{"line":15,"column":44},"end":{"line":15,"column":44}}]},"4":{"line":18,"type":"switch","locations":[{"start":{"line":19,"column":4},"end":{"line":20,"column":34}},{"start":{"line":21,"column":4},"end":{"line":22,"column":24}},{"start":{"line":23,"column":4},"end":{"line":24,"column":42}}]},"5":{"line":37,"type":"cond-expr","locations":[{"start":{"line":37,"column":72},"end":{"line":37,"column":74}},{"start":{"line":37,"column":77},"end":{"line":37,"column":89}}]},"6":{"line":37,"type":"binary-expr","locations":[{"start":{"line":37,"column":18},"end":{"line":37,"column":39}},{"start":{"line":37,"column":43},"end":{"line":37,"column":69}}]},"7":{"line":38,"type":"cond-expr","locations":[{"start":{"line":38,"column":71},"end":{"line":38,"column":86}},{"start":{"line":38,"column":89},"end":{"line":38,"column":101}}]},"8":{"line":38,"type":"binary-expr","locations":[{"start":{"line":38,"column":17},"end":{"line":38,"column":38}},{"start":{"line":38,"column":42},"end":{"line":38,"column":68}}]},"9":{"line":39,"type":"cond-expr","locations":[{"start":{"line":39,"column":70},"end":{"line":39,"column":84}},{"start":{"line":39,"column":87},"end":{"line":39,"column":99}}]},"10":{"line":39,"type":"binary-expr","locations":[{"start":{"line":39,"column":16},"end":{"line":39,"column":37}},{"start":{"line":39,"column":41},"end":{"line":39,"column":67}}]},"11":{"line":42,"type":"cond-expr","locations":[{"start":{"line":42,"column":70},"end":{"line":42,"column":79}},{"start":{"line":42,"column":82},"end":{"line":42,"column":94}}]},"12":{"line":42,"type":"binary-expr","locations":[{"start":{"line":42,"column":16},"end":{"line":42,"column":37}},{"start":{"line":42,"column":41},"end":{"line":42,"column":67}}]},"13":{"line":53,"type":"if","locations":[{"start":{"line":53,"column":6},"end":{"line":53,"column":6}},{"start":{"line":53,"column":6},"end":{"line":53,"column":6}}]},"14":{"line":58,"type":"binary-expr","locations":[{"start":{"line":58,"column":19},"end":{"line":58,"column":29}},{"start":{"line":58,"column":33},"end":{"line":58,"column":72}}]},"15":{"line":62,"type":"cond-expr","locations":[{"start":{"line":62,"column":40},"end":{"line":62,"column":45}},{"start":{"line":62,"column":48},"end":{"line":62,"column":53}}]}},"code":["'use strict';","","Object.defineProperty(exports, \"__esModule\", {","  value: true","});","","var _extends = Object.assign || function (target) { for (var i = 1; i < arguments.length; i++) { var source = arguments[i]; for (var key in source) { if (Object.prototype.hasOwnProperty.call(source, key)) { target[key] = source[key]; } } } return target; };","","exports.combineReducers = combineReducers;","","var _loop = require('./loop');","","var _effects = require('./effects');","","function _defineProperty(obj, key, value) { if (key in obj) { Object.defineProperty(obj, key, { value: value, enumerable: true, configurable: true, writable: true }); } else { obj[key] = value; } return obj; }","","function optimizeBatch(effects) {","  switch (effects.length) {","    case 0:","      return (0, _effects.none)();","    case 1:","      return effects[0];","    default:","      return (0, _effects.batch)(effects);","  }","}","","var defaultAccessor = function defaultAccessor(state, key) {","  return state[key];","};","","var defaultMutator = function defaultMutator(state, key, value) {","  return _extends({}, state, _defineProperty({}, key, value));","};","","function combineReducers(reducerMap) {","  var rootState = arguments.length <= 1 || arguments[1] === undefined ? {} : arguments[1];","  var accessor = arguments.length <= 2 || arguments[2] === undefined ? defaultAccessor : arguments[2];","  var mutator = arguments.length <= 3 || arguments[3] === undefined ? defaultMutator : arguments[3];","","  return function finalReducer() {","    var state = arguments.length <= 0 || arguments[0] === undefined ? rootState : arguments[0];","    var action = arguments[1];","","    var hasChanged = false;","    var effects = [];","","    var model = Object.keys(reducerMap).reduce(function (model, key) {","      var reducer = reducerMap[key];","      var previousStateForKey = accessor(state, key);","      var nextStateForKey = reducer(previousStateForKey, action);","","      if ((0, _loop.isLoop)(nextStateForKey)) {","        effects.push((0, _loop.getEffect)(nextStateForKey));","        nextStateForKey = (0, _loop.getModel)(nextStateForKey);","      }","","      hasChanged = hasChanged || nextStateForKey !== previousStateForKey;","      return mutator(model, key, nextStateForKey);","    }, rootState);","","    return (0, _loop.loop)(hasChanged ? model : state, optimizeBatch(effects));","  };","}"],"l":{"3":1,"7":1,"9":1,"11":1,"13":1,"15":1,"17":1,"18":0,"20":0,"22":0,"24":0,"28":1,"29":0,"32":1,"33":0,"36":1,"37":0,"38":0,"39":0,"41":0,"42":0,"43":0,"45":0,"46":0,"48":0,"49":0,"50":0,"51":0,"53":0,"54":0,"55":0,"58":0,"59":0,"62":0}}}